This file contains any messages produced by compilers while
running configure, to aid debugging if configure makes a mistake.

It was created by ircd-hybrid configure TRUNK, which was
generated by GNU Autoconf 2.69.  Invocation command line was

  $ ./configure --prefix=/home/ircd/ircd

## --------- ##
## Platform. ##
## --------- ##

hostname = vps271076
uname -m = x86_64
uname -r = 5.4.0-26-generic
uname -s = Linux
uname -v = #30-Ubuntu SMP Mon Apr 20 16:58:30 UTC 2020

/usr/bin/uname -p = x86_64
/bin/uname -X     = unknown

/bin/arch              = x86_64
/usr/bin/arch -k       = unknown
/usr/convex/getsysinfo = unknown
/usr/bin/hostinfo      = unknown
/bin/machine           = unknown
/usr/bin/oslevel       = unknown
/bin/universe          = unknown

PATH: /usr/local/sbin
PATH: /usr/local/bin
PATH: /usr/sbin
PATH: /usr/bin
PATH: /sbin
PATH: /bin
PATH: /usr/games
PATH: /usr/local/games


## ----------- ##
## Core tests. ##
## ----------- ##

configure:2452: checking for a BSD-compatible install
configure:2520: result: /usr/bin/install -c
configure:2531: checking whether build environment is sane
configure:2586: result: yes
configure:2735: checking for a thread-safe mkdir -p
configure:2774: result: /usr/bin/mkdir -p
configure:2781: checking for gawk
configure:2797: found /usr/bin/gawk
configure:2808: result: gawk
configure:2819: checking whether make sets $(MAKE)
configure:2841: result: yes
configure:2870: checking whether make supports nested variables
configure:2887: result: yes
configure:3014: checking whether to enable maintainer-specific portions of Makefiles
configure:3023: result: no
configure:3046: checking whether make supports the include directive
configure:3061: make -f confmf.GNU && cat confinc.out
this is the am__doit target
configure:3064: $? = 0
configure:3083: result: yes (GNU style)
configure:3153: checking for gcc
configure:3169: found /usr/bin/gcc
configure:3180: result: gcc
configure:3409: checking for C compiler version
configure:3418: gcc --version >&5
gcc (Ubuntu 9.3.0-10ubuntu2) 9.3.0
Copyright (C) 2019 Free Software Foundation, Inc.
This is free software; see the source for copying conditions.  There is NO
warranty; not even for MERCHANTABILITY or FITNESS FOR A PARTICULAR PURPOSE.

configure:3429: $? = 0
configure:3418: gcc -v >&5
Using built-in specs.
COLLECT_GCC=gcc
COLLECT_LTO_WRAPPER=/usr/lib/gcc/x86_64-linux-gnu/9/lto-wrapper
OFFLOAD_TARGET_NAMES=nvptx-none:hsa
OFFLOAD_TARGET_DEFAULT=1
Target: x86_64-linux-gnu
Configured with: ../src/configure -v --with-pkgversion='Ubuntu 9.3.0-10ubuntu2' --with-bugurl=file:///usr/share/doc/gcc-9/README.Bugs --enable-languages=c,ada,c++,go,brig,d,fortran,objc,obj-c++,gm2 --prefix=/usr --with-gcc-major-version-only --program-suffix=-9 --program-prefix=x86_64-linux-gnu- --enable-shared --enable-linker-build-id --libexecdir=/usr/lib --without-included-gettext --enable-threads=posix --libdir=/usr/lib --enable-nls --enable-clocale=gnu --enable-libstdcxx-debug --enable-libstdcxx-time=yes --with-default-libstdcxx-abi=new --enable-gnu-unique-object --disable-vtable-verify --enable-plugin --enable-default-pie --with-system-zlib --with-target-system-zlib=auto --enable-objc-gc=auto --enable-multiarch --disable-werror --with-arch-32=i686 --with-abi=m64 --with-multilib-list=m32,m64,mx32 --enable-multilib --with-tune=generic --enable-offload-targets=nvptx-none,hsa --without-cuda-driver --enable-checking=release --build=x86_64-linux-gnu --host=x86_64-linux-gnu --target=x86_64-linux-gnu
Thread model: posix
gcc version 9.3.0 (Ubuntu 9.3.0-10ubuntu2) 
configure:3429: $? = 0
configure:3418: gcc -V >&5
gcc: error: unrecognized command line option '-V'
gcc: fatal error: no input files
compilation terminated.
configure:3429: $? = 1
configure:3418: gcc -qversion >&5
gcc: error: unrecognized command line option '-qversion'; did you mean '--version'?
gcc: fatal error: no input files
compilation terminated.
configure:3429: $? = 1
configure:3449: checking whether the C compiler works
configure:3471: gcc    conftest.c  >&5
configure:3475: $? = 0
configure:3523: result: yes
configure:3526: checking for C compiler default output file name
configure:3528: result: a.out
configure:3534: checking for suffix of executables
configure:3541: gcc -o conftest    conftest.c  >&5
configure:3545: $? = 0
configure:3567: result: 
configure:3589: checking whether we are cross compiling
configure:3597: gcc -o conftest    conftest.c  >&5
configure:3601: $? = 0
configure:3608: ./conftest
configure:3612: $? = 0
configure:3600: result: no
configure:3605: checking for suffix of object files
configure:3627: gcc -c   conftest.c >&5
configure:3631: $? = 0
configure:3652: result: o
configure:3656: checking whether we are using the GNU C compiler
configure:3675: gcc -c   conftest.c >&5
configure:3675: $? = 0
configure:3684: result: yes
configure:3693: checking whether gcc accepts -g
configure:3713: gcc -c -g  conftest.c >&5
configure:3713: $? = 0
configure:3754: result: yes
configure:3771: checking for gcc option to accept ISO C89
configure:3834: gcc  -c -g -O2  conftest.c >&5
configure:3834: $? = 0
configure:3847: result: none needed
configure:3872: checking whether gcc understands -c and -o together
configure:3894: gcc -c conftest.c -o conftest2.o
configure:3897: $? = 0
configure:3894: gcc -c conftest.c -o conftest2.o
configure:3897: $? = 0
configure:3909: result: yes
configure:3928: checking dependency style of gcc
configure:4039: result: gcc3
configure:4054: checking for gcc option to accept ISO C99
configure:4203: gcc  -c -g -O2  conftest.c >&5
configure:4203: $? = 0
configure:4216: result: none needed
configure:4238: checking for bison
configure:4268: result: no
configure:4238: checking for byacc
configure:4268: result: no
configure:4282: checking for flex
configure:4312: result: no
configure:4282: checking for lex
configure:4312: result: no
configure:4479: checking build system type
configure:4493: result: x86_64-pc-linux-gnu
configure:4513: checking host system type
configure:4526: result: x86_64-pc-linux-gnu
configure:4567: checking how to print strings
configure:4594: result: printf
configure:4615: checking for a sed that does not truncate output
configure:4679: result: /usr/bin/sed
configure:4697: checking for grep that handles long lines and -e
configure:4755: result: /usr/bin/grep
configure:4760: checking for egrep
configure:4822: result: /usr/bin/grep -E
configure:4827: checking for fgrep
configure:4889: result: /usr/bin/grep -F
configure:4924: checking for ld used by gcc
configure:4991: result: /usr/bin/ld
configure:4998: checking if the linker (/usr/bin/ld) is GNU ld
configure:5013: result: yes
configure:5025: checking for BSD- or MS-compatible name lister (nm)
configure:5079: result: /usr/bin/nm -B
configure:5209: checking the name lister (/usr/bin/nm -B) interface
configure:5216: gcc -c -g -O2  conftest.c >&5
configure:5219: /usr/bin/nm -B "conftest.o"
configure:5222: output
0000000000000000 B some_variable
configure:5223: result: BSD nm
configure:5226: checking whether ln -s works
configure:5230: result: yes
configure:5238: checking the maximum length of command line arguments
configure:5369: result: 1572864
configure:5417: checking how to convert x86_64-pc-linux-gnu file names to x86_64-pc-linux-gnu format
configure:5457: result: func_convert_file_noop
configure:5464: checking how to convert x86_64-pc-linux-gnu file names to toolchain format
configure:5484: result: func_convert_file_noop
configure:5491: checking for /usr/bin/ld option to reload object files
configure:5498: result: -r
configure:5572: checking for objdump
configure:5588: found /usr/bin/objdump
configure:5599: result: objdump
configure:5631: checking how to recognize dependent libraries
configure:5831: result: pass_all
configure:5916: checking for dlltool
configure:5946: result: no
configure:5976: checking how to associate runtime and link libraries
configure:6003: result: printf %s\n
configure:6063: checking for ar
configure:6079: found /usr/bin/ar
configure:6090: result: ar
configure:6127: checking for archiver @FILE support
configure:6144: gcc -c -g -O2  conftest.c >&5
configure:6144: $? = 0
configure:6147: ar cru libconftest.a @conftest.lst >&5
ar: `u' modifier ignored since `D' is the default (see `U')
configure:6150: $? = 0
configure:6155: ar cru libconftest.a @conftest.lst >&5
ar: `u' modifier ignored since `D' is the default (see `U')
ar: conftest.o: No such file or directory
configure:6158: $? = 1
configure:6157: result: @
configure:6215: checking for strip
configure:6231: found /usr/bin/strip
configure:6242: result: strip
configure:6314: checking for ranlib
configure:6330: found /usr/bin/ranlib
configure:6341: result: ranlib
configure:6443: checking command to parse /usr/bin/nm -B output from gcc object
configure:6596: gcc -c -g -O2  conftest.c >&5
configure:6599: $? = 0
configure:6603: /usr/bin/nm -B conftest.o | sed -n -e 's/^.*[	 ]\([ABCDGIRSTW][ABCDGIRSTW]*\)[	 ][	 ]*\([_A-Za-z][_A-Za-z0-9]*\)$/\1 \2 \2/p' | sed '/ __gnu_lto/d' > conftest.nm
configure:6669: gcc -o conftest -g -O2   conftest.c conftstm.o >&5
configure:6672: $? = 0
configure:6710: result: ok
configure:6757: checking for sysroot
configure:6787: result: no
configure:6794: checking for a working dd
configure:6832: result: /usr/bin/dd
configure:6836: checking how to truncate binary pipes
configure:6851: result: /usr/bin/dd bs=4096 count=1
configure:6987: gcc -c -g -O2  conftest.c >&5
configure:6990: $? = 0
configure:7180: checking for mt
configure:7196: found /usr/bin/mt
configure:7207: result: mt
configure:7230: checking if mt is a manifest tool
configure:7236: mt '-?'
configure:7244: result: no
configure:7921: checking how to run the C preprocessor
configure:7952: gcc -E  conftest.c
configure:7952: $? = 0
configure:7966: gcc -E  conftest.c
conftest.c:11:10: fatal error: ac_nonexistent.h: No such file or directory
   11 | #include <ac_nonexistent.h>
      |          ^~~~~~~~~~~~~~~~~~
compilation terminated.
configure:7966: $? = 1
configure: failed program was:
| /* confdefs.h */
| #define PACKAGE_NAME "ircd-hybrid"
| #define PACKAGE_TARNAME "ircd-hybrid"
| #define PACKAGE_VERSION "TRUNK"
| #define PACKAGE_STRING "ircd-hybrid TRUNK"
| #define PACKAGE_BUGREPORT "bugs@ircd-hybrid.org"
| #define PACKAGE_URL ""
| #define PACKAGE "ircd-hybrid"
| #define VERSION "TRUNK"
| /* end confdefs.h.  */
| #include <ac_nonexistent.h>
configure:7991: result: gcc -E
configure:8011: gcc -E  conftest.c
configure:8011: $? = 0
configure:8025: gcc -E  conftest.c
conftest.c:11:10: fatal error: ac_nonexistent.h: No such file or directory
   11 | #include <ac_nonexistent.h>
      |          ^~~~~~~~~~~~~~~~~~
compilation terminated.
configure:8025: $? = 1
configure: failed program was:
| /* confdefs.h */
| #define PACKAGE_NAME "ircd-hybrid"
| #define PACKAGE_TARNAME "ircd-hybrid"
| #define PACKAGE_VERSION "TRUNK"
| #define PACKAGE_STRING "ircd-hybrid TRUNK"
| #define PACKAGE_BUGREPORT "bugs@ircd-hybrid.org"
| #define PACKAGE_URL ""
| #define PACKAGE "ircd-hybrid"
| #define VERSION "TRUNK"
| /* end confdefs.h.  */
| #include <ac_nonexistent.h>
configure:8054: checking for ANSI C header files
configure:8074: gcc -c -g -O2  conftest.c >&5
configure:8074: $? = 0
configure:8147: gcc -o conftest -g -O2   conftest.c  >&5
configure:8147: $? = 0
configure:8147: ./conftest
configure:8147: $? = 0
configure:8158: result: yes
configure:8171: checking for sys/types.h
configure:8171: gcc -c -g -O2  conftest.c >&5
configure:8171: $? = 0
configure:8171: result: yes
configure:8171: checking for sys/stat.h
configure:8171: gcc -c -g -O2  conftest.c >&5
configure:8171: $? = 0
configure:8171: result: yes
configure:8171: checking for stdlib.h
configure:8171: gcc -c -g -O2  conftest.c >&5
configure:8171: $? = 0
configure:8171: result: yes
configure:8171: checking for string.h
configure:8171: gcc -c -g -O2  conftest.c >&5
configure:8171: $? = 0
configure:8171: result: yes
configure:8171: checking for memory.h
configure:8171: gcc -c -g -O2  conftest.c >&5
configure:8171: $? = 0
configure:8171: result: yes
configure:8171: checking for strings.h
configure:8171: gcc -c -g -O2  conftest.c >&5
configure:8171: $? = 0
configure:8171: result: yes
configure:8171: checking for inttypes.h
configure:8171: gcc -c -g -O2  conftest.c >&5
configure:8171: $? = 0
configure:8171: result: yes
configure:8171: checking for stdint.h
configure:8171: gcc -c -g -O2  conftest.c >&5
configure:8171: $? = 0
configure:8171: result: yes
configure:8171: checking for unistd.h
configure:8171: gcc -c -g -O2  conftest.c >&5
configure:8171: $? = 0
configure:8171: result: yes
configure:8185: checking for dlfcn.h
configure:8185: gcc -c -g -O2  conftest.c >&5
configure:8185: $? = 0
configure:8185: result: yes
configure:8439: checking for objdir
configure:8454: result: .libs
configure:8718: checking if gcc supports -fno-rtti -fno-exceptions
configure:8736: gcc -c -g -O2  -fno-rtti -fno-exceptions conftest.c >&5
cc1: warning: command line option '-fno-rtti' is valid for C++/D/ObjC++ but not for C
configure:8740: $? = 0
configure:8753: result: no
configure:9117: checking for gcc option to produce PIC
configure:9124: result: -fPIC -DPIC
configure:9132: checking if gcc PIC flag -fPIC -DPIC works
configure:9150: gcc -c -g -O2  -fPIC -DPIC -DPIC conftest.c >&5
configure:9154: $? = 0
configure:9167: result: yes
configure:9196: checking if gcc static flag -static works
configure:9224: result: yes
configure:9239: checking if gcc supports -c -o file.o
configure:9260: gcc -c -g -O2  -o out/conftest2.o conftest.c >&5
configure:9264: $? = 0
configure:9286: result: yes
configure:9294: checking if gcc supports -c -o file.o
configure:9341: result: yes
configure:9374: checking whether the gcc linker (/usr/bin/ld -m elf_x86_64) supports shared libraries
configure:10637: result: yes
configure:10674: checking whether -lc should be explicitly linked in
configure:10682: gcc -c -g -O2  conftest.c >&5
configure:10685: $? = 0
configure:10700: gcc -shared  -fPIC -DPIC conftest.o  -v -Wl,-soname -Wl,conftest -o conftest 2\>\&1 \| /usr/bin/grep  -lc  \>/dev/null 2\>\&1
configure:10703: $? = 0
configure:10717: result: no
configure:10877: checking dynamic linker characteristics
configure:11458: gcc -o conftest -g -O2   -Wl,-rpath -Wl,/foo conftest.c  >&5
configure:11458: $? = 0
configure:11707: result: GNU/Linux ld.so
configure:11829: checking how to hardcode library paths into programs
configure:11854: result: immediate
configure:11956: checking for shl_load
configure:11956: gcc -o conftest -g -O2   conftest.c  >&5
/usr/bin/ld: /tmp/ccaECx6y.o: in function `main':
/home/ircd/ircd-hybrid/conftest.c:57: undefined reference to `shl_load'
collect2: error: ld returned 1 exit status
configure:11956: $? = 1
configure: failed program was:
| /* confdefs.h */
| #define PACKAGE_NAME "ircd-hybrid"
| #define PACKAGE_TARNAME "ircd-hybrid"
| #define PACKAGE_VERSION "TRUNK"
| #define PACKAGE_STRING "ircd-hybrid TRUNK"
| #define PACKAGE_BUGREPORT "bugs@ircd-hybrid.org"
| #define PACKAGE_URL ""
| #define PACKAGE "ircd-hybrid"
| #define VERSION "TRUNK"
| #define STDC_HEADERS 1
| #define HAVE_SYS_TYPES_H 1
| #define HAVE_SYS_STAT_H 1
| #define HAVE_STDLIB_H 1
| #define HAVE_STRING_H 1
| #define HAVE_MEMORY_H 1
| #define HAVE_STRINGS_H 1
| #define HAVE_INTTYPES_H 1
| #define HAVE_STDINT_H 1
| #define HAVE_UNISTD_H 1
| #define HAVE_DLFCN_H 1
| #define LT_OBJDIR ".libs/"
| /* end confdefs.h.  */
| /* Define shl_load to an innocuous variant, in case <limits.h> declares shl_load.
|    For example, HP-UX 11i <limits.h> declares gettimeofday.  */
| #define shl_load innocuous_shl_load
| 
| /* System header to define __stub macros and hopefully few prototypes,
|     which can conflict with char shl_load (); below.
|     Prefer <limits.h> to <assert.h> if __STDC__ is defined, since
|     <limits.h> exists even on freestanding compilers.  */
| 
| #ifdef __STDC__
| # include <limits.h>
| #else
| # include <assert.h>
| #endif
| 
| #undef shl_load
| 
| /* Override any GCC internal prototype to avoid an error.
|    Use char because int might match the return type of a GCC
|    builtin and then its argument prototype would still apply.  */
| #ifdef __cplusplus
| extern "C"
| #endif
| char shl_load ();
| /* The GNU C library defines this for functions which it implements
|     to always fail with ENOSYS.  Some functions are actually named
|     something starting with __ and the normal name is an alias.  */
| #if defined __stub_shl_load || defined __stub___shl_load
| choke me
| #endif
| 
| int
| main ()
| {
| return shl_load ();
|   ;
|   return 0;
| }
configure:11956: result: no
configure:11960: checking for shl_load in -ldld
configure:11985: gcc -o conftest -g -O2   conftest.c -ldld   >&5
/usr/bin/ld: cannot find -ldld
collect2: error: ld returned 1 exit status
configure:11985: $? = 1
configure: failed program was:
| /* confdefs.h */
| #define PACKAGE_NAME "ircd-hybrid"
| #define PACKAGE_TARNAME "ircd-hybrid"
| #define PACKAGE_VERSION "TRUNK"
| #define PACKAGE_STRING "ircd-hybrid TRUNK"
| #define PACKAGE_BUGREPORT "bugs@ircd-hybrid.org"
| #define PACKAGE_URL ""
| #define PACKAGE "ircd-hybrid"
| #define VERSION "TRUNK"
| #define STDC_HEADERS 1
| #define HAVE_SYS_TYPES_H 1
| #define HAVE_SYS_STAT_H 1
| #define HAVE_STDLIB_H 1
| #define HAVE_STRING_H 1
| #define HAVE_MEMORY_H 1
| #define HAVE_STRINGS_H 1
| #define HAVE_INTTYPES_H 1
| #define HAVE_STDINT_H 1
| #define HAVE_UNISTD_H 1
| #define HAVE_DLFCN_H 1
| #define LT_OBJDIR ".libs/"
| /* end confdefs.h.  */
| 
| /* Override any GCC internal prototype to avoid an error.
|    Use char because int might match the return type of a GCC
|    builtin and then its argument prototype would still apply.  */
| #ifdef __cplusplus
| extern "C"
| #endif
| char shl_load ();
| int
| main ()
| {
| return shl_load ();
|   ;
|   return 0;
| }
configure:11994: result: no
configure:11999: checking for dlopen
configure:11999: gcc -o conftest -g -O2   conftest.c  >&5
/usr/bin/ld: /tmp/ccBtDbBG.o: in function `main':
/home/ircd/ircd-hybrid/conftest.c:57: undefined reference to `dlopen'
collect2: error: ld returned 1 exit status
configure:11999: $? = 1
configure: failed program was:
| /* confdefs.h */
| #define PACKAGE_NAME "ircd-hybrid"
| #define PACKAGE_TARNAME "ircd-hybrid"
| #define PACKAGE_VERSION "TRUNK"
| #define PACKAGE_STRING "ircd-hybrid TRUNK"
| #define PACKAGE_BUGREPORT "bugs@ircd-hybrid.org"
| #define PACKAGE_URL ""
| #define PACKAGE "ircd-hybrid"
| #define VERSION "TRUNK"
| #define STDC_HEADERS 1
| #define HAVE_SYS_TYPES_H 1
| #define HAVE_SYS_STAT_H 1
| #define HAVE_STDLIB_H 1
| #define HAVE_STRING_H 1
| #define HAVE_MEMORY_H 1
| #define HAVE_STRINGS_H 1
| #define HAVE_INTTYPES_H 1
| #define HAVE_STDINT_H 1
| #define HAVE_UNISTD_H 1
| #define HAVE_DLFCN_H 1
| #define LT_OBJDIR ".libs/"
| /* end confdefs.h.  */
| /* Define dlopen to an innocuous variant, in case <limits.h> declares dlopen.
|    For example, HP-UX 11i <limits.h> declares gettimeofday.  */
| #define dlopen innocuous_dlopen
| 
| /* System header to define __stub macros and hopefully few prototypes,
|     which can conflict with char dlopen (); below.
|     Prefer <limits.h> to <assert.h> if __STDC__ is defined, since
|     <limits.h> exists even on freestanding compilers.  */
| 
| #ifdef __STDC__
| # include <limits.h>
| #else
| # include <assert.h>
| #endif
| 
| #undef dlopen
| 
| /* Override any GCC internal prototype to avoid an error.
|    Use char because int might match the return type of a GCC
|    builtin and then its argument prototype would still apply.  */
| #ifdef __cplusplus
| extern "C"
| #endif
| char dlopen ();
| /* The GNU C library defines this for functions which it implements
|     to always fail with ENOSYS.  Some functions are actually named
|     something starting with __ and the normal name is an alias.  */
| #if defined __stub_dlopen || defined __stub___dlopen
| choke me
| #endif
| 
| int
| main ()
| {
| return dlopen ();
|   ;
|   return 0;
| }
configure:11999: result: no
configure:12003: checking for dlopen in -ldl
configure:12028: gcc -o conftest -g -O2   conftest.c -ldl   >&5
configure:12028: $? = 0
configure:12037: result: yes
configure:12156: checking whether a program can dlopen itself
configure:12236: gcc -o conftest -g -O2  -DHAVE_DLFCN_H  -Wl,--export-dynamic conftest.c -ldl  >&5
configure:12239: $? = 0
configure:12257: result: yes
configure:12262: checking whether a statically linked program can dlopen itself
configure:12342: gcc -o conftest -g -O2  -DHAVE_DLFCN_H  -Wl,--export-dynamic -static conftest.c -ldl  >&5
/usr/bin/ld: /tmp/ccNZersa.o: in function `main':
/home/ircd/ircd-hybrid/configure:12321: warning: Using 'dlopen' in statically linked applications requires at runtime the shared libraries from the glibc version used for linking
configure:12345: $? = 0
conftest: undefined symbol: _fnord
configure:12363: result: no
configure:12402: checking whether stripping libraries is possible
configure:12407: result: yes
configure:12442: checking if libtool supports shared libraries
configure:12444: result: yes
configure:12447: checking whether to build shared libraries
configure:12472: result: yes
configure:12475: checking whether to build static libraries
configure:12479: result: no
configure:9292: checking what extension is used for runtime loadable modules
configure:9304: result: .so
configure:9328: checking what variable specifies run-time module search path
configure:9335: result: LD_LIBRARY_PATH
configure:9345: checking for the default library search path
configure:9352: result: /lib /usr/lib /usr/lib/x86_64-linux-gnu/libfakeroot /usr/local/lib /usr/local/lib/x86_64-linux-gnu /lib/x86_64-linux-gnu /usr/lib/x86_64-linux-gnu 
configure:9383: checking for library containing dlopen
configure:9414: gcc -o conftest -g -O2   conftest.c  >&5
/usr/bin/ld: /tmp/ccxz1F9q.o: in function `main':
/home/ircd/ircd-hybrid/conftest.c:37: undefined reference to `dlopen'
collect2: error: ld returned 1 exit status
configure:9414: $? = 1
configure: failed program was:
| /* confdefs.h */
| #define PACKAGE_NAME "ircd-hybrid"
| #define PACKAGE_TARNAME "ircd-hybrid"
| #define PACKAGE_VERSION "TRUNK"
| #define PACKAGE_STRING "ircd-hybrid TRUNK"
| #define PACKAGE_BUGREPORT "bugs@ircd-hybrid.org"
| #define PACKAGE_URL ""
| #define PACKAGE "ircd-hybrid"
| #define VERSION "TRUNK"
| #define STDC_HEADERS 1
| #define HAVE_SYS_TYPES_H 1
| #define HAVE_SYS_STAT_H 1
| #define HAVE_STDLIB_H 1
| #define HAVE_STRING_H 1
| #define HAVE_MEMORY_H 1
| #define HAVE_STRINGS_H 1
| #define HAVE_INTTYPES_H 1
| #define HAVE_STDINT_H 1
| #define HAVE_UNISTD_H 1
| #define HAVE_DLFCN_H 1
| #define LT_OBJDIR ".libs/"
| #define LT_MODULE_EXT ".so"
| #define LT_MODULE_PATH_VAR "LD_LIBRARY_PATH"
| #define LT_DLSEARCH_PATH "/lib:/usr/lib:/usr/lib/x86_64-linux-gnu/libfakeroot:/usr/local/lib:/usr/local/lib/x86_64-linux-gnu:/lib/x86_64-linux-gnu:/usr/lib/x86_64-linux-gnu"
| /* end confdefs.h.  */
| 
| /* Override any GCC internal prototype to avoid an error.
|    Use char because int might match the return type of a GCC
|    builtin and then its argument prototype would still apply.  */
| #ifdef __cplusplus
| extern "C"
| #endif
| char dlopen ();
| int
| main ()
| {
| return dlopen ();
|   ;
|   return 0;
| }
configure:9414: gcc -o conftest -g -O2   conftest.c -ldl   >&5
configure:9414: $? = 0
configure:9431: result: -ldl
configure:9521: checking for dlerror
configure:9521: gcc -o conftest -g -O2   conftest.c -ldl  -ldl >&5
configure:9521: $? = 0
configure:9521: result: yes
configure:9535: checking for shl_load
configure:9535: result: no
configure:9542: checking for shl_load in -ldld
configure:9576: result: no
configure:9622: checking for dld_link in -ldld
configure:9647: gcc -o conftest -g -O2   conftest.c -ldld  -ldl  >&5
/usr/bin/ld: cannot find -ldld
collect2: error: ld returned 1 exit status
configure:9647: $? = 1
configure: failed program was:
| /* confdefs.h */
| #define PACKAGE_NAME "ircd-hybrid"
| #define PACKAGE_TARNAME "ircd-hybrid"
| #define PACKAGE_VERSION "TRUNK"
| #define PACKAGE_STRING "ircd-hybrid TRUNK"
| #define PACKAGE_BUGREPORT "bugs@ircd-hybrid.org"
| #define PACKAGE_URL ""
| #define PACKAGE "ircd-hybrid"
| #define VERSION "TRUNK"
| #define STDC_HEADERS 1
| #define HAVE_SYS_TYPES_H 1
| #define HAVE_SYS_STAT_H 1
| #define HAVE_STDLIB_H 1
| #define HAVE_STRING_H 1
| #define HAVE_MEMORY_H 1
| #define HAVE_STRINGS_H 1
| #define HAVE_INTTYPES_H 1
| #define HAVE_STDINT_H 1
| #define HAVE_UNISTD_H 1
| #define HAVE_DLFCN_H 1
| #define LT_OBJDIR ".libs/"
| #define LT_MODULE_EXT ".so"
| #define LT_MODULE_PATH_VAR "LD_LIBRARY_PATH"
| #define LT_DLSEARCH_PATH "/lib:/usr/lib:/usr/lib/x86_64-linux-gnu/libfakeroot:/usr/local/lib:/usr/local/lib/x86_64-linux-gnu:/lib/x86_64-linux-gnu:/usr/lib/x86_64-linux-gnu"
| #define HAVE_LIBDL 1
| #define HAVE_DLERROR 1
| /* end confdefs.h.  */
| 
| /* Override any GCC internal prototype to avoid an error.
|    Use char because int might match the return type of a GCC
|    builtin and then its argument prototype would still apply.  */
| #ifdef __cplusplus
| extern "C"
| #endif
| char dld_link ();
| int
| main ()
| {
| return dld_link ();
|   ;
|   return 0;
| }
configure:9656: result: no
configure:9691: checking for _ prefix in compiled symbols
configure:9701: gcc -c -g -O2  conftest.c >&5
configure:9704: $? = 0
configure:9708: /usr/bin/nm -B conftest.o \| sed -n -e 's/^.*[	 ]\([ABCDGIRSTW][ABCDGIRSTW]*\)[	 ][	 ]*\([_A-Za-z][_A-Za-z0-9]*\)$/\1 \2 \2/p' | sed '/ __gnu_lto/d' \> conftest.nm
configure:9711: $? = 0
configure:9733: result: no
configure:9850: checking whether deplibs are loaded by dlopen
configure:9947: result: yes
configure:9958: checking for argz.h
configure:9958: gcc -c -g -O2  conftest.c >&5
configure:9958: $? = 0
configure:9958: result: yes
configure:9970: checking for error_t
configure:9970: gcc -c -g -O2  conftest.c >&5
configure:9970: $? = 0
configure:9970: gcc -c -g -O2  conftest.c >&5
conftest.c: In function 'main':
conftest.c:37:22: error: expected expression before ')' token
   37 | if (sizeof ((error_t)))
      |                      ^
configure:9970: $? = 1
configure: failed program was:
| /* confdefs.h */
| #define PACKAGE_NAME "ircd-hybrid"
| #define PACKAGE_TARNAME "ircd-hybrid"
| #define PACKAGE_VERSION "TRUNK"
| #define PACKAGE_STRING "ircd-hybrid TRUNK"
| #define PACKAGE_BUGREPORT "bugs@ircd-hybrid.org"
| #define PACKAGE_URL ""
| #define PACKAGE "ircd-hybrid"
| #define VERSION "TRUNK"
| #define STDC_HEADERS 1
| #define HAVE_SYS_TYPES_H 1
| #define HAVE_SYS_STAT_H 1
| #define HAVE_STDLIB_H 1
| #define HAVE_STRING_H 1
| #define HAVE_MEMORY_H 1
| #define HAVE_STRINGS_H 1
| #define HAVE_INTTYPES_H 1
| #define HAVE_STDINT_H 1
| #define HAVE_UNISTD_H 1
| #define HAVE_DLFCN_H 1
| #define LT_OBJDIR ".libs/"
| #define LT_MODULE_EXT ".so"
| #define LT_MODULE_PATH_VAR "LD_LIBRARY_PATH"
| #define LT_DLSEARCH_PATH "/lib:/usr/lib:/usr/lib/x86_64-linux-gnu/libfakeroot:/usr/local/lib:/usr/local/lib/x86_64-linux-gnu:/lib/x86_64-linux-gnu:/usr/lib/x86_64-linux-gnu"
| #define HAVE_LIBDL 1
| #define HAVE_DLERROR 1
| #define HAVE_LIBDLLOADER 1
| #define HAVE_ARGZ_H 1
| /* end confdefs.h.  */
| #if defined(HAVE_ARGZ_H)
| #  include <argz.h>
| #endif
| 
| int
| main ()
| {
| if (sizeof ((error_t)))
| 	    return 0;
|   ;
|   return 0;
| }
configure:9970: result: yes
configure:9996: checking for argz_add
configure:9996: gcc -o conftest -g -O2   conftest.c  >&5
configure:9996: $? = 0
configure:9996: result: yes
configure:9996: checking for argz_append
configure:9996: gcc -o conftest -g -O2   conftest.c  >&5
configure:9996: $? = 0
configure:9996: result: yes
configure:9996: checking for argz_count
configure:9996: gcc -o conftest -g -O2   conftest.c  >&5
configure:9996: $? = 0
configure:9996: result: yes
configure:9996: checking for argz_create_sep
configure:9996: gcc -o conftest -g -O2   conftest.c  >&5
configure:9996: $? = 0
configure:9996: result: yes
configure:9996: checking for argz_insert
configure:9996: gcc -o conftest -g -O2   conftest.c  >&5
configure:9996: $? = 0
configure:9996: result: yes
configure:9996: checking for argz_next
configure:9996: gcc -o conftest -g -O2   conftest.c  >&5
configure:9996: $? = 0
configure:9996: result: yes
configure:9996: checking for argz_stringify
configure:9996: gcc -o conftest -g -O2   conftest.c  >&5
configure:9996: $? = 0
configure:9996: result: yes
configure:10012: checking if argz actually works
configure:10043: result: yes
configure:10060: checking whether libtool supports -dlopen/-dlpreopen
configure:10072: result: yes
configure:10101: checking for ltdl.h
configure:10101: gcc -c -g -O2  conftest.c >&5
conftest.c:75:10: fatal error: ltdl.h: No such file or directory
   75 | #include <ltdl.h>
      |          ^~~~~~~~
compilation terminated.
configure:10101: $? = 1
configure: failed program was:
| /* confdefs.h */
| #define PACKAGE_NAME "ircd-hybrid"
| #define PACKAGE_TARNAME "ircd-hybrid"
| #define PACKAGE_VERSION "TRUNK"
| #define PACKAGE_STRING "ircd-hybrid TRUNK"
| #define PACKAGE_BUGREPORT "bugs@ircd-hybrid.org"
| #define PACKAGE_URL ""
| #define PACKAGE "ircd-hybrid"
| #define VERSION "TRUNK"
| #define STDC_HEADERS 1
| #define HAVE_SYS_TYPES_H 1
| #define HAVE_SYS_STAT_H 1
| #define HAVE_STDLIB_H 1
| #define HAVE_STRING_H 1
| #define HAVE_MEMORY_H 1
| #define HAVE_STRINGS_H 1
| #define HAVE_INTTYPES_H 1
| #define HAVE_STDINT_H 1
| #define HAVE_UNISTD_H 1
| #define HAVE_DLFCN_H 1
| #define LT_OBJDIR ".libs/"
| #define LT_MODULE_EXT ".so"
| #define LT_MODULE_PATH_VAR "LD_LIBRARY_PATH"
| #define LT_DLSEARCH_PATH "/lib:/usr/lib:/usr/lib/x86_64-linux-gnu/libfakeroot:/usr/local/lib:/usr/local/lib/x86_64-linux-gnu:/lib/x86_64-linux-gnu:/usr/lib/x86_64-linux-gnu"
| #define HAVE_LIBDL 1
| #define HAVE_DLERROR 1
| #define HAVE_LIBDLLOADER 1
| #define HAVE_ARGZ_H 1
| #define HAVE_ERROR_T 1
| #define HAVE_ARGZ_ADD 1
| #define HAVE_ARGZ_APPEND 1
| #define HAVE_ARGZ_COUNT 1
| #define HAVE_ARGZ_CREATE_SEP 1
| #define HAVE_ARGZ_INSERT 1
| #define HAVE_ARGZ_NEXT 1
| #define HAVE_ARGZ_STRINGIFY 1
| #define HAVE_WORKING_ARGZ 1
| #define HAVE_PRELOADED_SYMBOLS 1
| /* end confdefs.h.  */
| #include <stdio.h>
| #ifdef HAVE_SYS_TYPES_H
| # include <sys/types.h>
| #endif
| #ifdef HAVE_SYS_STAT_H
| # include <sys/stat.h>
| #endif
| #ifdef STDC_HEADERS
| # include <stdlib.h>
| # include <stddef.h>
| #else
| # ifdef HAVE_STDLIB_H
| #  include <stdlib.h>
| # endif
| #endif
| #ifdef HAVE_STRING_H
| # if !defined STDC_HEADERS && defined HAVE_MEMORY_H
| #  include <memory.h>
| # endif
| # include <string.h>
| #endif
| #ifdef HAVE_STRINGS_H
| # include <strings.h>
| #endif
| #ifdef HAVE_INTTYPES_H
| # include <inttypes.h>
| #endif
| #ifdef HAVE_STDINT_H
| # include <stdint.h>
| #endif
| #ifdef HAVE_UNISTD_H
| # include <unistd.h>
| #endif
| 
| 
| #include <ltdl.h>
configure:10101: result: no
configure:10238: checking where to find libltdl headers
configure:10240: result: -I$(top_srcdir)/libltdl
configure:10242: checking where to find libltdl library
configure:10244: result: $(top_build_prefix)libltdl/libltdlc.la
configure:10292: checking for unistd.h
configure:10292: result: yes
configure:10292: checking for dl.h
configure:10292: gcc -c -g -O2  conftest.c >&5
conftest.c:75:10: fatal error: dl.h: No such file or directory
   75 | #include <dl.h>
      |          ^~~~~~
compilation terminated.
configure:10292: $? = 1
configure: failed program was:
| /* confdefs.h */
| #define PACKAGE_NAME "ircd-hybrid"
| #define PACKAGE_TARNAME "ircd-hybrid"
| #define PACKAGE_VERSION "TRUNK"
| #define PACKAGE_STRING "ircd-hybrid TRUNK"
| #define PACKAGE_BUGREPORT "bugs@ircd-hybrid.org"
| #define PACKAGE_URL ""
| #define PACKAGE "ircd-hybrid"
| #define VERSION "TRUNK"
| #define STDC_HEADERS 1
| #define HAVE_SYS_TYPES_H 1
| #define HAVE_SYS_STAT_H 1
| #define HAVE_STDLIB_H 1
| #define HAVE_STRING_H 1
| #define HAVE_MEMORY_H 1
| #define HAVE_STRINGS_H 1
| #define HAVE_INTTYPES_H 1
| #define HAVE_STDINT_H 1
| #define HAVE_UNISTD_H 1
| #define HAVE_DLFCN_H 1
| #define LT_OBJDIR ".libs/"
| #define LT_MODULE_EXT ".so"
| #define LT_MODULE_PATH_VAR "LD_LIBRARY_PATH"
| #define LT_DLSEARCH_PATH "/lib:/usr/lib:/usr/lib/x86_64-linux-gnu/libfakeroot:/usr/local/lib:/usr/local/lib/x86_64-linux-gnu:/lib/x86_64-linux-gnu:/usr/lib/x86_64-linux-gnu"
| #define HAVE_LIBDL 1
| #define HAVE_DLERROR 1
| #define HAVE_LIBDLLOADER 1
| #define HAVE_ARGZ_H 1
| #define HAVE_ERROR_T 1
| #define HAVE_ARGZ_ADD 1
| #define HAVE_ARGZ_APPEND 1
| #define HAVE_ARGZ_COUNT 1
| #define HAVE_ARGZ_CREATE_SEP 1
| #define HAVE_ARGZ_INSERT 1
| #define HAVE_ARGZ_NEXT 1
| #define HAVE_ARGZ_STRINGIFY 1
| #define HAVE_WORKING_ARGZ 1
| #define HAVE_PRELOADED_SYMBOLS 1
| #define HAVE_UNISTD_H 1
| /* end confdefs.h.  */
| #include <stdio.h>
| #ifdef HAVE_SYS_TYPES_H
| # include <sys/types.h>
| #endif
| #ifdef HAVE_SYS_STAT_H
| # include <sys/stat.h>
| #endif
| #ifdef STDC_HEADERS
| # include <stdlib.h>
| # include <stddef.h>
| #else
| # ifdef HAVE_STDLIB_H
| #  include <stdlib.h>
| # endif
| #endif
| #ifdef HAVE_STRING_H
| # if !defined STDC_HEADERS && defined HAVE_MEMORY_H
| #  include <memory.h>
| # endif
| # include <string.h>
| #endif
| #ifdef HAVE_STRINGS_H
| # include <strings.h>
| #endif
| #ifdef HAVE_INTTYPES_H
| # include <inttypes.h>
| #endif
| #ifdef HAVE_STDINT_H
| # include <stdint.h>
| #endif
| #ifdef HAVE_UNISTD_H
| # include <unistd.h>
| #endif
| 
| #include <dl.h>
configure:10292: result: no
configure:10292: checking for sys/dl.h
configure:10292: gcc -c -g -O2  conftest.c >&5
conftest.c:75:10: fatal error: sys/dl.h: No such file or directory
   75 | #include <sys/dl.h>
      |          ^~~~~~~~~~
compilation terminated.
configure:10292: $? = 1
configure: failed program was:
| /* confdefs.h */
| #define PACKAGE_NAME "ircd-hybrid"
| #define PACKAGE_TARNAME "ircd-hybrid"
| #define PACKAGE_VERSION "TRUNK"
| #define PACKAGE_STRING "ircd-hybrid TRUNK"
| #define PACKAGE_BUGREPORT "bugs@ircd-hybrid.org"
| #define PACKAGE_URL ""
| #define PACKAGE "ircd-hybrid"
| #define VERSION "TRUNK"
| #define STDC_HEADERS 1
| #define HAVE_SYS_TYPES_H 1
| #define HAVE_SYS_STAT_H 1
| #define HAVE_STDLIB_H 1
| #define HAVE_STRING_H 1
| #define HAVE_MEMORY_H 1
| #define HAVE_STRINGS_H 1
| #define HAVE_INTTYPES_H 1
| #define HAVE_STDINT_H 1
| #define HAVE_UNISTD_H 1
| #define HAVE_DLFCN_H 1
| #define LT_OBJDIR ".libs/"
| #define LT_MODULE_EXT ".so"
| #define LT_MODULE_PATH_VAR "LD_LIBRARY_PATH"
| #define LT_DLSEARCH_PATH "/lib:/usr/lib:/usr/lib/x86_64-linux-gnu/libfakeroot:/usr/local/lib:/usr/local/lib/x86_64-linux-gnu:/lib/x86_64-linux-gnu:/usr/lib/x86_64-linux-gnu"
| #define HAVE_LIBDL 1
| #define HAVE_DLERROR 1
| #define HAVE_LIBDLLOADER 1
| #define HAVE_ARGZ_H 1
| #define HAVE_ERROR_T 1
| #define HAVE_ARGZ_ADD 1
| #define HAVE_ARGZ_APPEND 1
| #define HAVE_ARGZ_COUNT 1
| #define HAVE_ARGZ_CREATE_SEP 1
| #define HAVE_ARGZ_INSERT 1
| #define HAVE_ARGZ_NEXT 1
| #define HAVE_ARGZ_STRINGIFY 1
| #define HAVE_WORKING_ARGZ 1
| #define HAVE_PRELOADED_SYMBOLS 1
| #define HAVE_UNISTD_H 1
| /* end confdefs.h.  */
| #include <stdio.h>
| #ifdef HAVE_SYS_TYPES_H
| # include <sys/types.h>
| #endif
| #ifdef HAVE_SYS_STAT_H
| # include <sys/stat.h>
| #endif
| #ifdef STDC_HEADERS
| # include <stdlib.h>
| # include <stddef.h>
| #else
| # ifdef HAVE_STDLIB_H
| #  include <stdlib.h>
| # endif
| #endif
| #ifdef HAVE_STRING_H
| # if !defined STDC_HEADERS && defined HAVE_MEMORY_H
| #  include <memory.h>
| # endif
| # include <string.h>
| #endif
| #ifdef HAVE_STRINGS_H
| # include <strings.h>
| #endif
| #ifdef HAVE_INTTYPES_H
| # include <inttypes.h>
| #endif
| #ifdef HAVE_STDINT_H
| # include <stdint.h>
| #endif
| #ifdef HAVE_UNISTD_H
| # include <unistd.h>
| #endif
| 
| #include <sys/dl.h>
configure:10292: result: no
configure:10292: checking for dld.h
configure:10292: gcc -c -g -O2  conftest.c >&5
conftest.c:75:10: fatal error: dld.h: No such file or directory
   75 | #include <dld.h>
      |          ^~~~~~~
compilation terminated.
configure:10292: $? = 1
configure: failed program was:
| /* confdefs.h */
| #define PACKAGE_NAME "ircd-hybrid"
| #define PACKAGE_TARNAME "ircd-hybrid"
| #define PACKAGE_VERSION "TRUNK"
| #define PACKAGE_STRING "ircd-hybrid TRUNK"
| #define PACKAGE_BUGREPORT "bugs@ircd-hybrid.org"
| #define PACKAGE_URL ""
| #define PACKAGE "ircd-hybrid"
| #define VERSION "TRUNK"
| #define STDC_HEADERS 1
| #define HAVE_SYS_TYPES_H 1
| #define HAVE_SYS_STAT_H 1
| #define HAVE_STDLIB_H 1
| #define HAVE_STRING_H 1
| #define HAVE_MEMORY_H 1
| #define HAVE_STRINGS_H 1
| #define HAVE_INTTYPES_H 1
| #define HAVE_STDINT_H 1
| #define HAVE_UNISTD_H 1
| #define HAVE_DLFCN_H 1
| #define LT_OBJDIR ".libs/"
| #define LT_MODULE_EXT ".so"
| #define LT_MODULE_PATH_VAR "LD_LIBRARY_PATH"
| #define LT_DLSEARCH_PATH "/lib:/usr/lib:/usr/lib/x86_64-linux-gnu/libfakeroot:/usr/local/lib:/usr/local/lib/x86_64-linux-gnu:/lib/x86_64-linux-gnu:/usr/lib/x86_64-linux-gnu"
| #define HAVE_LIBDL 1
| #define HAVE_DLERROR 1
| #define HAVE_LIBDLLOADER 1
| #define HAVE_ARGZ_H 1
| #define HAVE_ERROR_T 1
| #define HAVE_ARGZ_ADD 1
| #define HAVE_ARGZ_APPEND 1
| #define HAVE_ARGZ_COUNT 1
| #define HAVE_ARGZ_CREATE_SEP 1
| #define HAVE_ARGZ_INSERT 1
| #define HAVE_ARGZ_NEXT 1
| #define HAVE_ARGZ_STRINGIFY 1
| #define HAVE_WORKING_ARGZ 1
| #define HAVE_PRELOADED_SYMBOLS 1
| #define HAVE_UNISTD_H 1
| /* end confdefs.h.  */
| #include <stdio.h>
| #ifdef HAVE_SYS_TYPES_H
| # include <sys/types.h>
| #endif
| #ifdef HAVE_SYS_STAT_H
| # include <sys/stat.h>
| #endif
| #ifdef STDC_HEADERS
| # include <stdlib.h>
| # include <stddef.h>
| #else
| # ifdef HAVE_STDLIB_H
| #  include <stdlib.h>
| # endif
| #endif
| #ifdef HAVE_STRING_H
| # if !defined STDC_HEADERS && defined HAVE_MEMORY_H
| #  include <memory.h>
| # endif
| # include <string.h>
| #endif
| #ifdef HAVE_STRINGS_H
| # include <strings.h>
| #endif
| #ifdef HAVE_INTTYPES_H
| # include <inttypes.h>
| #endif
| #ifdef HAVE_STDINT_H
| # include <stdint.h>
| #endif
| #ifdef HAVE_UNISTD_H
| # include <unistd.h>
| #endif
| 
| #include <dld.h>
configure:10292: result: no
configure:10292: checking for mach-o/dyld.h
configure:10292: gcc -c -g -O2  conftest.c >&5
conftest.c:75:10: fatal error: mach-o/dyld.h: No such file or directory
   75 | #include <mach-o/dyld.h>
      |          ^~~~~~~~~~~~~~~
compilation terminated.
configure:10292: $? = 1
configure: failed program was:
| /* confdefs.h */
| #define PACKAGE_NAME "ircd-hybrid"
| #define PACKAGE_TARNAME "ircd-hybrid"
| #define PACKAGE_VERSION "TRUNK"
| #define PACKAGE_STRING "ircd-hybrid TRUNK"
| #define PACKAGE_BUGREPORT "bugs@ircd-hybrid.org"
| #define PACKAGE_URL ""
| #define PACKAGE "ircd-hybrid"
| #define VERSION "TRUNK"
| #define STDC_HEADERS 1
| #define HAVE_SYS_TYPES_H 1
| #define HAVE_SYS_STAT_H 1
| #define HAVE_STDLIB_H 1
| #define HAVE_STRING_H 1
| #define HAVE_MEMORY_H 1
| #define HAVE_STRINGS_H 1
| #define HAVE_INTTYPES_H 1
| #define HAVE_STDINT_H 1
| #define HAVE_UNISTD_H 1
| #define HAVE_DLFCN_H 1
| #define LT_OBJDIR ".libs/"
| #define LT_MODULE_EXT ".so"
| #define LT_MODULE_PATH_VAR "LD_LIBRARY_PATH"
| #define LT_DLSEARCH_PATH "/lib:/usr/lib:/usr/lib/x86_64-linux-gnu/libfakeroot:/usr/local/lib:/usr/local/lib/x86_64-linux-gnu:/lib/x86_64-linux-gnu:/usr/lib/x86_64-linux-gnu"
| #define HAVE_LIBDL 1
| #define HAVE_DLERROR 1
| #define HAVE_LIBDLLOADER 1
| #define HAVE_ARGZ_H 1
| #define HAVE_ERROR_T 1
| #define HAVE_ARGZ_ADD 1
| #define HAVE_ARGZ_APPEND 1
| #define HAVE_ARGZ_COUNT 1
| #define HAVE_ARGZ_CREATE_SEP 1
| #define HAVE_ARGZ_INSERT 1
| #define HAVE_ARGZ_NEXT 1
| #define HAVE_ARGZ_STRINGIFY 1
| #define HAVE_WORKING_ARGZ 1
| #define HAVE_PRELOADED_SYMBOLS 1
| #define HAVE_UNISTD_H 1
| /* end confdefs.h.  */
| #include <stdio.h>
| #ifdef HAVE_SYS_TYPES_H
| # include <sys/types.h>
| #endif
| #ifdef HAVE_SYS_STAT_H
| # include <sys/stat.h>
| #endif
| #ifdef STDC_HEADERS
| # include <stdlib.h>
| # include <stddef.h>
| #else
| # ifdef HAVE_STDLIB_H
| #  include <stdlib.h>
| # endif
| #endif
| #ifdef HAVE_STRING_H
| # if !defined STDC_HEADERS && defined HAVE_MEMORY_H
| #  include <memory.h>
| # endif
| # include <string.h>
| #endif
| #ifdef HAVE_STRINGS_H
| # include <strings.h>
| #endif
| #ifdef HAVE_INTTYPES_H
| # include <inttypes.h>
| #endif
| #ifdef HAVE_STDINT_H
| # include <stdint.h>
| #endif
| #ifdef HAVE_UNISTD_H
| # include <unistd.h>
| #endif
| 
| #include <mach-o/dyld.h>
configure:10292: result: no
configure:10292: checking for dirent.h
configure:10292: gcc -c -g -O2  conftest.c >&5
configure:10292: $? = 0
configure:10292: result: yes
configure:10307: checking for closedir
configure:10307: gcc -o conftest -g -O2   conftest.c  >&5
configure:10307: $? = 0
configure:10307: result: yes
configure:10307: checking for opendir
configure:10307: gcc -o conftest -g -O2   conftest.c  >&5
configure:10307: $? = 0
configure:10307: result: yes
configure:10307: checking for readdir
configure:10307: gcc -o conftest -g -O2   conftest.c  >&5
configure:10307: $? = 0
configure:10307: result: yes
configure:10324: checking for strlcat
configure:10324: gcc -o conftest -g -O2   conftest.c  >&5
/usr/bin/ld: /tmp/ccsLaMow.o: in function `main':
/home/ircd/ircd-hybrid/conftest.c:79: undefined reference to `strlcat'
collect2: error: ld returned 1 exit status
configure:10324: $? = 1
configure: failed program was:
| /* confdefs.h */
| #define PACKAGE_NAME "ircd-hybrid"
| #define PACKAGE_TARNAME "ircd-hybrid"
| #define PACKAGE_VERSION "TRUNK"
| #define PACKAGE_STRING "ircd-hybrid TRUNK"
| #define PACKAGE_BUGREPORT "bugs@ircd-hybrid.org"
| #define PACKAGE_URL ""
| #define PACKAGE "ircd-hybrid"
| #define VERSION "TRUNK"
| #define STDC_HEADERS 1
| #define HAVE_SYS_TYPES_H 1
| #define HAVE_SYS_STAT_H 1
| #define HAVE_STDLIB_H 1
| #define HAVE_STRING_H 1
| #define HAVE_MEMORY_H 1
| #define HAVE_STRINGS_H 1
| #define HAVE_INTTYPES_H 1
| #define HAVE_STDINT_H 1
| #define HAVE_UNISTD_H 1
| #define HAVE_DLFCN_H 1
| #define LT_OBJDIR ".libs/"
| #define LT_MODULE_EXT ".so"
| #define LT_MODULE_PATH_VAR "LD_LIBRARY_PATH"
| #define LT_DLSEARCH_PATH "/lib:/usr/lib:/usr/lib/x86_64-linux-gnu/libfakeroot:/usr/local/lib:/usr/local/lib/x86_64-linux-gnu:/lib/x86_64-linux-gnu:/usr/lib/x86_64-linux-gnu"
| #define HAVE_LIBDL 1
| #define HAVE_DLERROR 1
| #define HAVE_LIBDLLOADER 1
| #define HAVE_ARGZ_H 1
| #define HAVE_ERROR_T 1
| #define HAVE_ARGZ_ADD 1
| #define HAVE_ARGZ_APPEND 1
| #define HAVE_ARGZ_COUNT 1
| #define HAVE_ARGZ_CREATE_SEP 1
| #define HAVE_ARGZ_INSERT 1
| #define HAVE_ARGZ_NEXT 1
| #define HAVE_ARGZ_STRINGIFY 1
| #define HAVE_WORKING_ARGZ 1
| #define HAVE_PRELOADED_SYMBOLS 1
| #define HAVE_UNISTD_H 1
| #define HAVE_DIRENT_H 1
| #define HAVE_CLOSEDIR 1
| #define HAVE_OPENDIR 1
| #define HAVE_READDIR 1
| /* end confdefs.h.  */
| /* Define strlcat to an innocuous variant, in case <limits.h> declares strlcat.
|    For example, HP-UX 11i <limits.h> declares gettimeofday.  */
| #define strlcat innocuous_strlcat
| 
| /* System header to define __stub macros and hopefully few prototypes,
|     which can conflict with char strlcat (); below.
|     Prefer <limits.h> to <assert.h> if __STDC__ is defined, since
|     <limits.h> exists even on freestanding compilers.  */
| 
| #ifdef __STDC__
| # include <limits.h>
| #else
| # include <assert.h>
| #endif
| 
| #undef strlcat
| 
| /* Override any GCC internal prototype to avoid an error.
|    Use char because int might match the return type of a GCC
|    builtin and then its argument prototype would still apply.  */
| #ifdef __cplusplus
| extern "C"
| #endif
| char strlcat ();
| /* The GNU C library defines this for functions which it implements
|     to always fail with ENOSYS.  Some functions are actually named
|     something starting with __ and the normal name is an alias.  */
| #if defined __stub_strlcat || defined __stub___strlcat
| choke me
| #endif
| 
| int
| main ()
| {
| return strlcat ();
|   ;
|   return 0;
| }
configure:10324: result: no
configure:10324: checking for strlcpy
configure:10324: gcc -o conftest -g -O2   conftest.c  >&5
/usr/bin/ld: /tmp/ccYIyRYS.o: in function `main':
/home/ircd/ircd-hybrid/conftest.c:79: undefined reference to `strlcpy'
collect2: error: ld returned 1 exit status
configure:10324: $? = 1
configure: failed program was:
| /* confdefs.h */
| #define PACKAGE_NAME "ircd-hybrid"
| #define PACKAGE_TARNAME "ircd-hybrid"
| #define PACKAGE_VERSION "TRUNK"
| #define PACKAGE_STRING "ircd-hybrid TRUNK"
| #define PACKAGE_BUGREPORT "bugs@ircd-hybrid.org"
| #define PACKAGE_URL ""
| #define PACKAGE "ircd-hybrid"
| #define VERSION "TRUNK"
| #define STDC_HEADERS 1
| #define HAVE_SYS_TYPES_H 1
| #define HAVE_SYS_STAT_H 1
| #define HAVE_STDLIB_H 1
| #define HAVE_STRING_H 1
| #define HAVE_MEMORY_H 1
| #define HAVE_STRINGS_H 1
| #define HAVE_INTTYPES_H 1
| #define HAVE_STDINT_H 1
| #define HAVE_UNISTD_H 1
| #define HAVE_DLFCN_H 1
| #define LT_OBJDIR ".libs/"
| #define LT_MODULE_EXT ".so"
| #define LT_MODULE_PATH_VAR "LD_LIBRARY_PATH"
| #define LT_DLSEARCH_PATH "/lib:/usr/lib:/usr/lib/x86_64-linux-gnu/libfakeroot:/usr/local/lib:/usr/local/lib/x86_64-linux-gnu:/lib/x86_64-linux-gnu:/usr/lib/x86_64-linux-gnu"
| #define HAVE_LIBDL 1
| #define HAVE_DLERROR 1
| #define HAVE_LIBDLLOADER 1
| #define HAVE_ARGZ_H 1
| #define HAVE_ERROR_T 1
| #define HAVE_ARGZ_ADD 1
| #define HAVE_ARGZ_APPEND 1
| #define HAVE_ARGZ_COUNT 1
| #define HAVE_ARGZ_CREATE_SEP 1
| #define HAVE_ARGZ_INSERT 1
| #define HAVE_ARGZ_NEXT 1
| #define HAVE_ARGZ_STRINGIFY 1
| #define HAVE_WORKING_ARGZ 1
| #define HAVE_PRELOADED_SYMBOLS 1
| #define HAVE_UNISTD_H 1
| #define HAVE_DIRENT_H 1
| #define HAVE_CLOSEDIR 1
| #define HAVE_OPENDIR 1
| #define HAVE_READDIR 1
| /* end confdefs.h.  */
| /* Define strlcpy to an innocuous variant, in case <limits.h> declares strlcpy.
|    For example, HP-UX 11i <limits.h> declares gettimeofday.  */
| #define strlcpy innocuous_strlcpy
| 
| /* System header to define __stub macros and hopefully few prototypes,
|     which can conflict with char strlcpy (); below.
|     Prefer <limits.h> to <assert.h> if __STDC__ is defined, since
|     <limits.h> exists even on freestanding compilers.  */
| 
| #ifdef __STDC__
| # include <limits.h>
| #else
| # include <assert.h>
| #endif
| 
| #undef strlcpy
| 
| /* Override any GCC internal prototype to avoid an error.
|    Use char because int might match the return type of a GCC
|    builtin and then its argument prototype would still apply.  */
| #ifdef __cplusplus
| extern "C"
| #endif
| char strlcpy ();
| /* The GNU C library defines this for functions which it implements
|     to always fail with ENOSYS.  Some functions are actually named
|     something starting with __ and the normal name is an alias.  */
| #if defined __stub_strlcpy || defined __stub___strlcpy
| choke me
| #endif
| 
| int
| main ()
| {
| return strlcpy ();
|   ;
|   return 0;
| }
configure:10324: result: no
configure:10372: checking whether gcc accepts -fstack-protector-strong
configure:10390: gcc -c -g -O2 -fstack-protector-strong  conftest.c >&5
configure:10390: $? = 0
configure:10399: result: yes
configure:10447: checking whether libssp exists
configure:10465: gcc -o conftest -g -O2 -fstack-protector-strong   conftest.c  -lssp >&5
/usr/bin/ld: cannot find -lssp
collect2: error: ld returned 1 exit status
configure:10465: $? = 1
configure: failed program was:
| /* confdefs.h */
| #define PACKAGE_NAME "ircd-hybrid"
| #define PACKAGE_TARNAME "ircd-hybrid"
| #define PACKAGE_VERSION "TRUNK"
| #define PACKAGE_STRING "ircd-hybrid TRUNK"
| #define PACKAGE_BUGREPORT "bugs@ircd-hybrid.org"
| #define PACKAGE_URL ""
| #define PACKAGE "ircd-hybrid"
| #define VERSION "TRUNK"
| #define STDC_HEADERS 1
| #define HAVE_SYS_TYPES_H 1
| #define HAVE_SYS_STAT_H 1
| #define HAVE_STDLIB_H 1
| #define HAVE_STRING_H 1
| #define HAVE_MEMORY_H 1
| #define HAVE_STRINGS_H 1
| #define HAVE_INTTYPES_H 1
| #define HAVE_STDINT_H 1
| #define HAVE_UNISTD_H 1
| #define HAVE_DLFCN_H 1
| #define LT_OBJDIR ".libs/"
| #define LT_MODULE_EXT ".so"
| #define LT_MODULE_PATH_VAR "LD_LIBRARY_PATH"
| #define LT_DLSEARCH_PATH "/lib:/usr/lib:/usr/lib/x86_64-linux-gnu/libfakeroot:/usr/local/lib:/usr/local/lib/x86_64-linux-gnu:/lib/x86_64-linux-gnu:/usr/lib/x86_64-linux-gnu"
| #define HAVE_LIBDL 1
| #define HAVE_DLERROR 1
| #define HAVE_LIBDLLOADER 1
| #define HAVE_ARGZ_H 1
| #define HAVE_ERROR_T 1
| #define HAVE_ARGZ_ADD 1
| #define HAVE_ARGZ_APPEND 1
| #define HAVE_ARGZ_COUNT 1
| #define HAVE_ARGZ_CREATE_SEP 1
| #define HAVE_ARGZ_INSERT 1
| #define HAVE_ARGZ_NEXT 1
| #define HAVE_ARGZ_STRINGIFY 1
| #define HAVE_WORKING_ARGZ 1
| #define HAVE_PRELOADED_SYMBOLS 1
| #define HAVE_UNISTD_H 1
| #define HAVE_DIRENT_H 1
| #define HAVE_CLOSEDIR 1
| #define HAVE_OPENDIR 1
| #define HAVE_READDIR 1
| #define LT_LIBEXT "a"
| #define LT_LIBPREFIX "lib"
| #define ENABLE_SSP_CC 1
| /* end confdefs.h.  */
| 
| int
| main ()
| {
| 
|   ;
|   return 0;
| }
configure:10475: result: no
configure:10482: checking for getaddrinfo
configure:10482: gcc -o conftest -g -O2 -fstack-protector-strong   conftest.c  >&5
configure:10482: $? = 0
configure:10482: result: yes
configure:10544: checking for getnameinfo
configure:10544: gcc -o conftest -g -O2 -fstack-protector-strong   conftest.c  >&5
configure:10544: $? = 0
configure:10544: result: yes
configure:10606: checking for library containing socket
configure:10637: gcc -o conftest -g -O2 -fstack-protector-strong   conftest.c  >&5
configure:10637: $? = 0
configure:10654: result: none required
configure:10667: checking whether byte ordering is bigendian
configure:10682: gcc -c -g -O2 -fstack-protector-strong  conftest.c >&5
conftest.c:49:9: error: unknown type name 'not'
   49 |         not a universal capable compiler
      |         ^~~
conftest.c:49:15: error: expected '=', ',', ';', 'asm' or '__attribute__' before 'universal'
   49 |         not a universal capable compiler
      |               ^~~~~~~~~
conftest.c:49:15: error: unknown type name 'universal'
configure:10682: $? = 1
configure: failed program was:
| /* confdefs.h */
| #define PACKAGE_NAME "ircd-hybrid"
| #define PACKAGE_TARNAME "ircd-hybrid"
| #define PACKAGE_VERSION "TRUNK"
| #define PACKAGE_STRING "ircd-hybrid TRUNK"
| #define PACKAGE_BUGREPORT "bugs@ircd-hybrid.org"
| #define PACKAGE_URL ""
| #define PACKAGE "ircd-hybrid"
| #define VERSION "TRUNK"
| #define STDC_HEADERS 1
| #define HAVE_SYS_TYPES_H 1
| #define HAVE_SYS_STAT_H 1
| #define HAVE_STDLIB_H 1
| #define HAVE_STRING_H 1
| #define HAVE_MEMORY_H 1
| #define HAVE_STRINGS_H 1
| #define HAVE_INTTYPES_H 1
| #define HAVE_STDINT_H 1
| #define HAVE_UNISTD_H 1
| #define HAVE_DLFCN_H 1
| #define LT_OBJDIR ".libs/"
| #define LT_MODULE_EXT ".so"
| #define LT_MODULE_PATH_VAR "LD_LIBRARY_PATH"
| #define LT_DLSEARCH_PATH "/lib:/usr/lib:/usr/lib/x86_64-linux-gnu/libfakeroot:/usr/local/lib:/usr/local/lib/x86_64-linux-gnu:/lib/x86_64-linux-gnu:/usr/lib/x86_64-linux-gnu"
| #define HAVE_LIBDL 1
| #define HAVE_DLERROR 1
| #define HAVE_LIBDLLOADER 1
| #define HAVE_ARGZ_H 1
| #define HAVE_ERROR_T 1
| #define HAVE_ARGZ_ADD 1
| #define HAVE_ARGZ_APPEND 1
| #define HAVE_ARGZ_COUNT 1
| #define HAVE_ARGZ_CREATE_SEP 1
| #define HAVE_ARGZ_INSERT 1
| #define HAVE_ARGZ_NEXT 1
| #define HAVE_ARGZ_STRINGIFY 1
| #define HAVE_WORKING_ARGZ 1
| #define HAVE_PRELOADED_SYMBOLS 1
| #define HAVE_UNISTD_H 1
| #define HAVE_DIRENT_H 1
| #define HAVE_CLOSEDIR 1
| #define HAVE_OPENDIR 1
| #define HAVE_READDIR 1
| #define LT_LIBEXT "a"
| #define LT_LIBPREFIX "lib"
| #define ENABLE_SSP_CC 1
| /* end confdefs.h.  */
| #ifndef __APPLE_CC__
| 	       not a universal capable compiler
| 	     #endif
| 	     typedef int dummy;
| 
configure:10727: gcc -c -g -O2 -fstack-protector-strong  conftest.c >&5
configure:10727: $? = 0
configure:10745: gcc -c -g -O2 -fstack-protector-strong  conftest.c >&5
conftest.c: In function 'main':
conftest.c:55:4: error: unknown type name 'not'; did you mean 'ino_t'?
   55 |    not big endian
      |    ^~~
      |    ino_t
conftest.c:55:12: error: expected '=', ',', ';', 'asm' or '__attribute__' before 'endian'
   55 |    not big endian
      |            ^~~~~~
configure:10745: $? = 1
configure: failed program was:
| /* confdefs.h */
| #define PACKAGE_NAME "ircd-hybrid"
| #define PACKAGE_TARNAME "ircd-hybrid"
| #define PACKAGE_VERSION "TRUNK"
| #define PACKAGE_STRING "ircd-hybrid TRUNK"
| #define PACKAGE_BUGREPORT "bugs@ircd-hybrid.org"
| #define PACKAGE_URL ""
| #define PACKAGE "ircd-hybrid"
| #define VERSION "TRUNK"
| #define STDC_HEADERS 1
| #define HAVE_SYS_TYPES_H 1
| #define HAVE_SYS_STAT_H 1
| #define HAVE_STDLIB_H 1
| #define HAVE_STRING_H 1
| #define HAVE_MEMORY_H 1
| #define HAVE_STRINGS_H 1
| #define HAVE_INTTYPES_H 1
| #define HAVE_STDINT_H 1
| #define HAVE_UNISTD_H 1
| #define HAVE_DLFCN_H 1
| #define LT_OBJDIR ".libs/"
| #define LT_MODULE_EXT ".so"
| #define LT_MODULE_PATH_VAR "LD_LIBRARY_PATH"
| #define LT_DLSEARCH_PATH "/lib:/usr/lib:/usr/lib/x86_64-linux-gnu/libfakeroot:/usr/local/lib:/usr/local/lib/x86_64-linux-gnu:/lib/x86_64-linux-gnu:/usr/lib/x86_64-linux-gnu"
| #define HAVE_LIBDL 1
| #define HAVE_DLERROR 1
| #define HAVE_LIBDLLOADER 1
| #define HAVE_ARGZ_H 1
| #define HAVE_ERROR_T 1
| #define HAVE_ARGZ_ADD 1
| #define HAVE_ARGZ_APPEND 1
| #define HAVE_ARGZ_COUNT 1
| #define HAVE_ARGZ_CREATE_SEP 1
| #define HAVE_ARGZ_INSERT 1
| #define HAVE_ARGZ_NEXT 1
| #define HAVE_ARGZ_STRINGIFY 1
| #define HAVE_WORKING_ARGZ 1
| #define HAVE_PRELOADED_SYMBOLS 1
| #define HAVE_UNISTD_H 1
| #define HAVE_DIRENT_H 1
| #define HAVE_CLOSEDIR 1
| #define HAVE_OPENDIR 1
| #define HAVE_READDIR 1
| #define LT_LIBEXT "a"
| #define LT_LIBPREFIX "lib"
| #define ENABLE_SSP_CC 1
| /* end confdefs.h.  */
| #include <sys/types.h>
| 		#include <sys/param.h>
| 
| int
| main ()
| {
| #if BYTE_ORDER != BIG_ENDIAN
| 		 not big endian
| 		#endif
| 
|   ;
|   return 0;
| }
configure:10873: result: no
configure:10899: checking for strtok_r
configure:10899: gcc -o conftest -g -O2 -fstack-protector-strong   conftest.c  >&5
configure:10899: $? = 0
configure:10899: result: yes
configure:10899: checking for strlcat
configure:10899: result: no
configure:10899: checking for strlcpy
configure:10899: result: no
configure:10923: checking for crypt.h
configure:10923: gcc -c -g -O2 -fstack-protector-strong  conftest.c >&5
configure:10923: $? = 0
configure:10923: result: yes
configure:10923: checking for sys/param.h
configure:10923: gcc -c -g -O2 -fstack-protector-strong  conftest.c >&5
configure:10923: $? = 0
configure:10923: result: yes
configure:10923: checking for types.h
configure:10923: gcc -c -g -O2 -fstack-protector-strong  conftest.c >&5
conftest.c:85:10: fatal error: types.h: No such file or directory
   85 | #include <types.h>
      |          ^~~~~~~~~
compilation terminated.
configure:10923: $? = 1
configure: failed program was:
| /* confdefs.h */
| #define PACKAGE_NAME "ircd-hybrid"
| #define PACKAGE_TARNAME "ircd-hybrid"
| #define PACKAGE_VERSION "TRUNK"
| #define PACKAGE_STRING "ircd-hybrid TRUNK"
| #define PACKAGE_BUGREPORT "bugs@ircd-hybrid.org"
| #define PACKAGE_URL ""
| #define PACKAGE "ircd-hybrid"
| #define VERSION "TRUNK"
| #define STDC_HEADERS 1
| #define HAVE_SYS_TYPES_H 1
| #define HAVE_SYS_STAT_H 1
| #define HAVE_STDLIB_H 1
| #define HAVE_STRING_H 1
| #define HAVE_MEMORY_H 1
| #define HAVE_STRINGS_H 1
| #define HAVE_INTTYPES_H 1
| #define HAVE_STDINT_H 1
| #define HAVE_UNISTD_H 1
| #define HAVE_DLFCN_H 1
| #define LT_OBJDIR ".libs/"
| #define LT_MODULE_EXT ".so"
| #define LT_MODULE_PATH_VAR "LD_LIBRARY_PATH"
| #define LT_DLSEARCH_PATH "/lib:/usr/lib:/usr/lib/x86_64-linux-gnu/libfakeroot:/usr/local/lib:/usr/local/lib/x86_64-linux-gnu:/lib/x86_64-linux-gnu:/usr/lib/x86_64-linux-gnu"
| #define HAVE_LIBDL 1
| #define HAVE_DLERROR 1
| #define HAVE_LIBDLLOADER 1
| #define HAVE_ARGZ_H 1
| #define HAVE_ERROR_T 1
| #define HAVE_ARGZ_ADD 1
| #define HAVE_ARGZ_APPEND 1
| #define HAVE_ARGZ_COUNT 1
| #define HAVE_ARGZ_CREATE_SEP 1
| #define HAVE_ARGZ_INSERT 1
| #define HAVE_ARGZ_NEXT 1
| #define HAVE_ARGZ_STRINGIFY 1
| #define HAVE_WORKING_ARGZ 1
| #define HAVE_PRELOADED_SYMBOLS 1
| #define HAVE_UNISTD_H 1
| #define HAVE_DIRENT_H 1
| #define HAVE_CLOSEDIR 1
| #define HAVE_OPENDIR 1
| #define HAVE_READDIR 1
| #define LT_LIBEXT "a"
| #define LT_LIBPREFIX "lib"
| #define ENABLE_SSP_CC 1
| #define HAVE_STRTOK_R 1
| #define HAVE_CRYPT_H 1
| #define HAVE_SYS_PARAM_H 1
| /* end confdefs.h.  */
| #include <stdio.h>
| #ifdef HAVE_SYS_TYPES_H
| # include <sys/types.h>
| #endif
| #ifdef HAVE_SYS_STAT_H
| # include <sys/stat.h>
| #endif
| #ifdef STDC_HEADERS
| # include <stdlib.h>
| # include <stddef.h>
| #else
| # ifdef HAVE_STDLIB_H
| #  include <stdlib.h>
| # endif
| #endif
| #ifdef HAVE_STRING_H
| # if !defined STDC_HEADERS && defined HAVE_MEMORY_H
| #  include <memory.h>
| # endif
| # include <string.h>
| #endif
| #ifdef HAVE_STRINGS_H
| # include <strings.h>
| #endif
| #ifdef HAVE_INTTYPES_H
| # include <inttypes.h>
| #endif
| #ifdef HAVE_STDINT_H
| # include <stdint.h>
| #endif
| #ifdef HAVE_UNISTD_H
| # include <unistd.h>
| #endif
| 
| #include <types.h>
configure:10923: result: no
configure:10923: checking for socket.h
configure:10923: gcc -c -g -O2 -fstack-protector-strong  conftest.c >&5
conftest.c:85:10: fatal error: socket.h: No such file or directory
   85 | #include <socket.h>
      |          ^~~~~~~~~~
compilation terminated.
configure:10923: $? = 1
configure: failed program was:
| /* confdefs.h */
| #define PACKAGE_NAME "ircd-hybrid"
| #define PACKAGE_TARNAME "ircd-hybrid"
| #define PACKAGE_VERSION "TRUNK"
| #define PACKAGE_STRING "ircd-hybrid TRUNK"
| #define PACKAGE_BUGREPORT "bugs@ircd-hybrid.org"
| #define PACKAGE_URL ""
| #define PACKAGE "ircd-hybrid"
| #define VERSION "TRUNK"
| #define STDC_HEADERS 1
| #define HAVE_SYS_TYPES_H 1
| #define HAVE_SYS_STAT_H 1
| #define HAVE_STDLIB_H 1
| #define HAVE_STRING_H 1
| #define HAVE_MEMORY_H 1
| #define HAVE_STRINGS_H 1
| #define HAVE_INTTYPES_H 1
| #define HAVE_STDINT_H 1
| #define HAVE_UNISTD_H 1
| #define HAVE_DLFCN_H 1
| #define LT_OBJDIR ".libs/"
| #define LT_MODULE_EXT ".so"
| #define LT_MODULE_PATH_VAR "LD_LIBRARY_PATH"
| #define LT_DLSEARCH_PATH "/lib:/usr/lib:/usr/lib/x86_64-linux-gnu/libfakeroot:/usr/local/lib:/usr/local/lib/x86_64-linux-gnu:/lib/x86_64-linux-gnu:/usr/lib/x86_64-linux-gnu"
| #define HAVE_LIBDL 1
| #define HAVE_DLERROR 1
| #define HAVE_LIBDLLOADER 1
| #define HAVE_ARGZ_H 1
| #define HAVE_ERROR_T 1
| #define HAVE_ARGZ_ADD 1
| #define HAVE_ARGZ_APPEND 1
| #define HAVE_ARGZ_COUNT 1
| #define HAVE_ARGZ_CREATE_SEP 1
| #define HAVE_ARGZ_INSERT 1
| #define HAVE_ARGZ_NEXT 1
| #define HAVE_ARGZ_STRINGIFY 1
| #define HAVE_WORKING_ARGZ 1
| #define HAVE_PRELOADED_SYMBOLS 1
| #define HAVE_UNISTD_H 1
| #define HAVE_DIRENT_H 1
| #define HAVE_CLOSEDIR 1
| #define HAVE_OPENDIR 1
| #define HAVE_READDIR 1
| #define LT_LIBEXT "a"
| #define LT_LIBPREFIX "lib"
| #define ENABLE_SSP_CC 1
| #define HAVE_STRTOK_R 1
| #define HAVE_CRYPT_H 1
| #define HAVE_SYS_PARAM_H 1
| /* end confdefs.h.  */
| #include <stdio.h>
| #ifdef HAVE_SYS_TYPES_H
| # include <sys/types.h>
| #endif
| #ifdef HAVE_SYS_STAT_H
| # include <sys/stat.h>
| #endif
| #ifdef STDC_HEADERS
| # include <stdlib.h>
| # include <stddef.h>
| #else
| # ifdef HAVE_STDLIB_H
| #  include <stdlib.h>
| # endif
| #endif
| #ifdef HAVE_STRING_H
| # if !defined STDC_HEADERS && defined HAVE_MEMORY_H
| #  include <memory.h>
| # endif
| # include <string.h>
| #endif
| #ifdef HAVE_STRINGS_H
| # include <strings.h>
| #endif
| #ifdef HAVE_INTTYPES_H
| # include <inttypes.h>
| #endif
| #ifdef HAVE_STDINT_H
| # include <stdint.h>
| #endif
| #ifdef HAVE_UNISTD_H
| # include <unistd.h>
| #endif
| 
| #include <socket.h>
configure:10923: result: no
configure:10923: checking for sys/wait.h
configure:10923: gcc -c -g -O2 -fstack-protector-strong  conftest.c >&5
configure:10923: $? = 0
configure:10923: result: yes
configure:10946: checking for library containing crypt
configure:10977: gcc -o conftest -g -O2 -fstack-protector-strong   conftest.c  >&5
/usr/bin/ld: /tmp/ccANjMXP.o: in function `main':
/home/ircd/ircd-hybrid/conftest.c:63: undefined reference to `crypt'
collect2: error: ld returned 1 exit status
configure:10977: $? = 1
configure: failed program was:
| /* confdefs.h */
| #define PACKAGE_NAME "ircd-hybrid"
| #define PACKAGE_TARNAME "ircd-hybrid"
| #define PACKAGE_VERSION "TRUNK"
| #define PACKAGE_STRING "ircd-hybrid TRUNK"
| #define PACKAGE_BUGREPORT "bugs@ircd-hybrid.org"
| #define PACKAGE_URL ""
| #define PACKAGE "ircd-hybrid"
| #define VERSION "TRUNK"
| #define STDC_HEADERS 1
| #define HAVE_SYS_TYPES_H 1
| #define HAVE_SYS_STAT_H 1
| #define HAVE_STDLIB_H 1
| #define HAVE_STRING_H 1
| #define HAVE_MEMORY_H 1
| #define HAVE_STRINGS_H 1
| #define HAVE_INTTYPES_H 1
| #define HAVE_STDINT_H 1
| #define HAVE_UNISTD_H 1
| #define HAVE_DLFCN_H 1
| #define LT_OBJDIR ".libs/"
| #define LT_MODULE_EXT ".so"
| #define LT_MODULE_PATH_VAR "LD_LIBRARY_PATH"
| #define LT_DLSEARCH_PATH "/lib:/usr/lib:/usr/lib/x86_64-linux-gnu/libfakeroot:/usr/local/lib:/usr/local/lib/x86_64-linux-gnu:/lib/x86_64-linux-gnu:/usr/lib/x86_64-linux-gnu"
| #define HAVE_LIBDL 1
| #define HAVE_DLERROR 1
| #define HAVE_LIBDLLOADER 1
| #define HAVE_ARGZ_H 1
| #define HAVE_ERROR_T 1
| #define HAVE_ARGZ_ADD 1
| #define HAVE_ARGZ_APPEND 1
| #define HAVE_ARGZ_COUNT 1
| #define HAVE_ARGZ_CREATE_SEP 1
| #define HAVE_ARGZ_INSERT 1
| #define HAVE_ARGZ_NEXT 1
| #define HAVE_ARGZ_STRINGIFY 1
| #define HAVE_WORKING_ARGZ 1
| #define HAVE_PRELOADED_SYMBOLS 1
| #define HAVE_UNISTD_H 1
| #define HAVE_DIRENT_H 1
| #define HAVE_CLOSEDIR 1
| #define HAVE_OPENDIR 1
| #define HAVE_READDIR 1
| #define LT_LIBEXT "a"
| #define LT_LIBPREFIX "lib"
| #define ENABLE_SSP_CC 1
| #define HAVE_STRTOK_R 1
| #define HAVE_CRYPT_H 1
| #define HAVE_SYS_PARAM_H 1
| #define HAVE_SYS_WAIT_H 1
| /* end confdefs.h.  */
| 
| /* Override any GCC internal prototype to avoid an error.
|    Use char because int might match the return type of a GCC
|    builtin and then its argument prototype would still apply.  */
| #ifdef __cplusplus
| extern "C"
| #endif
| char crypt ();
| int
| main ()
| {
| return crypt ();
|   ;
|   return 0;
| }
configure:10977: gcc -o conftest -g -O2 -fstack-protector-strong   conftest.c -lcrypt   >&5
configure:10977: $? = 0
configure:10994: result: -lcrypt
configure:11028: checking for optimal/desired iopoll mechanism
configure:11085: gcc -o conftest -g -O2 -fstack-protector-strong   conftest.c -lcrypt  >&5
/usr/bin/ld: /tmp/cc3LuTtP.o: in function `main':
/home/ircd/ircd-hybrid/conftest.c:88: undefined reference to `kevent'
collect2: error: ld returned 1 exit status
configure:11085: $? = 1
configure: failed program was:
| /* confdefs.h */
| #define PACKAGE_NAME "ircd-hybrid"
| #define PACKAGE_TARNAME "ircd-hybrid"
| #define PACKAGE_VERSION "TRUNK"
| #define PACKAGE_STRING "ircd-hybrid TRUNK"
| #define PACKAGE_BUGREPORT "bugs@ircd-hybrid.org"
| #define PACKAGE_URL ""
| #define PACKAGE "ircd-hybrid"
| #define VERSION "TRUNK"
| #define STDC_HEADERS 1
| #define HAVE_SYS_TYPES_H 1
| #define HAVE_SYS_STAT_H 1
| #define HAVE_STDLIB_H 1
| #define HAVE_STRING_H 1
| #define HAVE_MEMORY_H 1
| #define HAVE_STRINGS_H 1
| #define HAVE_INTTYPES_H 1
| #define HAVE_STDINT_H 1
| #define HAVE_UNISTD_H 1
| #define HAVE_DLFCN_H 1
| #define LT_OBJDIR ".libs/"
| #define LT_MODULE_EXT ".so"
| #define LT_MODULE_PATH_VAR "LD_LIBRARY_PATH"
| #define LT_DLSEARCH_PATH "/lib:/usr/lib:/usr/lib/x86_64-linux-gnu/libfakeroot:/usr/local/lib:/usr/local/lib/x86_64-linux-gnu:/lib/x86_64-linux-gnu:/usr/lib/x86_64-linux-gnu"
| #define HAVE_LIBDL 1
| #define HAVE_DLERROR 1
| #define HAVE_LIBDLLOADER 1
| #define HAVE_ARGZ_H 1
| #define HAVE_ERROR_T 1
| #define HAVE_ARGZ_ADD 1
| #define HAVE_ARGZ_APPEND 1
| #define HAVE_ARGZ_COUNT 1
| #define HAVE_ARGZ_CREATE_SEP 1
| #define HAVE_ARGZ_INSERT 1
| #define HAVE_ARGZ_NEXT 1
| #define HAVE_ARGZ_STRINGIFY 1
| #define HAVE_WORKING_ARGZ 1
| #define HAVE_PRELOADED_SYMBOLS 1
| #define HAVE_UNISTD_H 1
| #define HAVE_DIRENT_H 1
| #define HAVE_CLOSEDIR 1
| #define HAVE_OPENDIR 1
| #define HAVE_READDIR 1
| #define LT_LIBEXT "a"
| #define LT_LIBPREFIX "lib"
| #define ENABLE_SSP_CC 1
| #define HAVE_STRTOK_R 1
| #define HAVE_CRYPT_H 1
| #define HAVE_SYS_PARAM_H 1
| #define HAVE_SYS_WAIT_H 1
| #define __IOPOLL_MECHANISM_NONE 0
| #define __IOPOLL_MECHANISM_KQUEUE 1
| /* end confdefs.h.  */
| /* Define kevent to an innocuous variant, in case <limits.h> declares kevent.
|    For example, HP-UX 11i <limits.h> declares gettimeofday.  */
| #define kevent innocuous_kevent
| 
| /* System header to define __stub macros and hopefully few prototypes,
|     which can conflict with char kevent (); below.
|     Prefer <limits.h> to <assert.h> if __STDC__ is defined, since
|     <limits.h> exists even on freestanding compilers.  */
| 
| #ifdef __STDC__
| # include <limits.h>
| #else
| # include <assert.h>
| #endif
| 
| #undef kevent
| 
| /* Override any GCC internal prototype to avoid an error.
|    Use char because int might match the return type of a GCC
|    builtin and then its argument prototype would still apply.  */
| #ifdef __cplusplus
| extern "C"
| #endif
| char kevent ();
| /* The GNU C library defines this for functions which it implements
|     to always fail with ENOSYS.  Some functions are actually named
|     something starting with __ and the normal name is an alias.  */
| #if defined __stub_kevent || defined __stub___kevent
| choke me
| #endif
| 
| int
| main ()
| {
| return kevent ();
|   ;
|   return 0;
| }
configure:11110: gcc -o conftest -g -O2 -fstack-protector-strong   conftest.c -lcrypt  >&5
configure:11110: $? = 0
configure:11135: gcc -c -g -O2 -fstack-protector-strong  conftest.c >&5
conftest.c:56:10: fatal error: devpoll.h: No such file or directory
   56 | #include <devpoll.h>
      |          ^~~~~~~~~~~
compilation terminated.
configure:11135: $? = 1
configure: failed program was:
| /* confdefs.h */
| #define PACKAGE_NAME "ircd-hybrid"
| #define PACKAGE_TARNAME "ircd-hybrid"
| #define PACKAGE_VERSION "TRUNK"
| #define PACKAGE_STRING "ircd-hybrid TRUNK"
| #define PACKAGE_BUGREPORT "bugs@ircd-hybrid.org"
| #define PACKAGE_URL ""
| #define PACKAGE "ircd-hybrid"
| #define VERSION "TRUNK"
| #define STDC_HEADERS 1
| #define HAVE_SYS_TYPES_H 1
| #define HAVE_SYS_STAT_H 1
| #define HAVE_STDLIB_H 1
| #define HAVE_STRING_H 1
| #define HAVE_MEMORY_H 1
| #define HAVE_STRINGS_H 1
| #define HAVE_INTTYPES_H 1
| #define HAVE_STDINT_H 1
| #define HAVE_UNISTD_H 1
| #define HAVE_DLFCN_H 1
| #define LT_OBJDIR ".libs/"
| #define LT_MODULE_EXT ".so"
| #define LT_MODULE_PATH_VAR "LD_LIBRARY_PATH"
| #define LT_DLSEARCH_PATH "/lib:/usr/lib:/usr/lib/x86_64-linux-gnu/libfakeroot:/usr/local/lib:/usr/local/lib/x86_64-linux-gnu:/lib/x86_64-linux-gnu:/usr/lib/x86_64-linux-gnu"
| #define HAVE_LIBDL 1
| #define HAVE_DLERROR 1
| #define HAVE_LIBDLLOADER 1
| #define HAVE_ARGZ_H 1
| #define HAVE_ERROR_T 1
| #define HAVE_ARGZ_ADD 1
| #define HAVE_ARGZ_APPEND 1
| #define HAVE_ARGZ_COUNT 1
| #define HAVE_ARGZ_CREATE_SEP 1
| #define HAVE_ARGZ_INSERT 1
| #define HAVE_ARGZ_NEXT 1
| #define HAVE_ARGZ_STRINGIFY 1
| #define HAVE_WORKING_ARGZ 1
| #define HAVE_PRELOADED_SYMBOLS 1
| #define HAVE_UNISTD_H 1
| #define HAVE_DIRENT_H 1
| #define HAVE_CLOSEDIR 1
| #define HAVE_OPENDIR 1
| #define HAVE_READDIR 1
| #define LT_LIBEXT "a"
| #define LT_LIBPREFIX "lib"
| #define ENABLE_SSP_CC 1
| #define HAVE_STRTOK_R 1
| #define HAVE_CRYPT_H 1
| #define HAVE_SYS_PARAM_H 1
| #define HAVE_SYS_WAIT_H 1
| #define __IOPOLL_MECHANISM_NONE 0
| #define __IOPOLL_MECHANISM_KQUEUE 1
| #define __IOPOLL_MECHANISM_EPOLL 2
| #define __IOPOLL_MECHANISM_DEVPOLL 3
| /* end confdefs.h.  */
| #include <devpoll.h>
| int
| main ()
| {
| 
|   ;
|   return 0;
| }
configure:11157: gcc -c -g -O2 -fstack-protector-strong  conftest.c >&5
conftest.c:56:10: fatal error: sys/devpoll.h: No such file or directory
   56 | #include <sys/devpoll.h>
      |          ^~~~~~~~~~~~~~~
compilation terminated.
configure:11157: $? = 1
configure: failed program was:
| /* confdefs.h */
| #define PACKAGE_NAME "ircd-hybrid"
| #define PACKAGE_TARNAME "ircd-hybrid"
| #define PACKAGE_VERSION "TRUNK"
| #define PACKAGE_STRING "ircd-hybrid TRUNK"
| #define PACKAGE_BUGREPORT "bugs@ircd-hybrid.org"
| #define PACKAGE_URL ""
| #define PACKAGE "ircd-hybrid"
| #define VERSION "TRUNK"
| #define STDC_HEADERS 1
| #define HAVE_SYS_TYPES_H 1
| #define HAVE_SYS_STAT_H 1
| #define HAVE_STDLIB_H 1
| #define HAVE_STRING_H 1
| #define HAVE_MEMORY_H 1
| #define HAVE_STRINGS_H 1
| #define HAVE_INTTYPES_H 1
| #define HAVE_STDINT_H 1
| #define HAVE_UNISTD_H 1
| #define HAVE_DLFCN_H 1
| #define LT_OBJDIR ".libs/"
| #define LT_MODULE_EXT ".so"
| #define LT_MODULE_PATH_VAR "LD_LIBRARY_PATH"
| #define LT_DLSEARCH_PATH "/lib:/usr/lib:/usr/lib/x86_64-linux-gnu/libfakeroot:/usr/local/lib:/usr/local/lib/x86_64-linux-gnu:/lib/x86_64-linux-gnu:/usr/lib/x86_64-linux-gnu"
| #define HAVE_LIBDL 1
| #define HAVE_DLERROR 1
| #define HAVE_LIBDLLOADER 1
| #define HAVE_ARGZ_H 1
| #define HAVE_ERROR_T 1
| #define HAVE_ARGZ_ADD 1
| #define HAVE_ARGZ_APPEND 1
| #define HAVE_ARGZ_COUNT 1
| #define HAVE_ARGZ_CREATE_SEP 1
| #define HAVE_ARGZ_INSERT 1
| #define HAVE_ARGZ_NEXT 1
| #define HAVE_ARGZ_STRINGIFY 1
| #define HAVE_WORKING_ARGZ 1
| #define HAVE_PRELOADED_SYMBOLS 1
| #define HAVE_UNISTD_H 1
| #define HAVE_DIRENT_H 1
| #define HAVE_CLOSEDIR 1
| #define HAVE_OPENDIR 1
| #define HAVE_READDIR 1
| #define LT_LIBEXT "a"
| #define LT_LIBPREFIX "lib"
| #define ENABLE_SSP_CC 1
| #define HAVE_STRTOK_R 1
| #define HAVE_CRYPT_H 1
| #define HAVE_SYS_PARAM_H 1
| #define HAVE_SYS_WAIT_H 1
| #define __IOPOLL_MECHANISM_NONE 0
| #define __IOPOLL_MECHANISM_KQUEUE 1
| #define __IOPOLL_MECHANISM_EPOLL 2
| #define __IOPOLL_MECHANISM_DEVPOLL 3
| /* end confdefs.h.  */
| #include <sys/devpoll.h>
| int
| main ()
| {
| 
|   ;
|   return 0;
| }
configure:11216: gcc -o conftest -g -O2 -fstack-protector-strong   conftest.c -lcrypt  >&5
configure:11216: $? = 0
configure:11240: result: epoll
configure:13420: checking openssl/opensslv.h usability
configure:13420: gcc -c -g -O2 -fstack-protector-strong  conftest.c >&5
configure:13420: $? = 0
configure:13420: result: yes
configure:13420: checking openssl/opensslv.h presence
configure:13420: gcc -E  conftest.c
configure:13420: $? = 0
configure:13420: result: yes
configure:13420: checking for openssl/opensslv.h
configure:13420: result: yes
configure:13444: gcc -o conftest -g -O2 -fstack-protector-strong   conftest.c -lcrypt  >&5
configure:13444: $? = 0
configure:13444: ./conftest
configure:13444: $? = 0
configure:13445: checking for RSA_free in -lcrypto
configure:13470: gcc -o conftest -g -O2 -fstack-protector-strong   conftest.c -lcrypto  -lcrypt  >&5
configure:13470: $? = 0
configure:13479: result: yes
configure:13500: checking for SSL_connect in -lssl
configure:13525: gcc -o conftest -g -O2 -fstack-protector-strong   conftest.c -lssl  -lcrypto -lcrypt  >&5
configure:13525: $? = 0
configure:13534: result: yes
configure:13547: checking for LibreSSL, or OpenSSL 1.1.1 and above
configure:13550: result: found
configure:13761: checking whether C compiler accepts -Wno-format-truncation
configure:13780: gcc -c -g -O2 -fstack-protector-strong  -Wno-format-truncation  conftest.c >&5
configure:13780: $? = 0
configure:13789: result: yes
configure:13805: : CFLAGS="$CFLAGS"
configure:13808: $? = 0
configure:14021: checking that generated files are newer than configure
configure:14027: result: done
configure:14080: creating ./config.status

## ---------------------- ##
## Running config.status. ##
## ---------------------- ##

This file was extended by ircd-hybrid config.status TRUNK, which was
generated by GNU Autoconf 2.69.  Invocation command line was

  CONFIG_FILES    = 
  CONFIG_HEADERS  = 
  CONFIG_LINKS    = 
  CONFIG_COMMANDS = 
  $ ./config.status 

on vps271076

config.status:1165: creating Makefile
config.status:1165: creating src/Makefile
config.status:1165: creating libltdl/Makefile
config.status:1165: creating modules/Makefile
config.status:1165: creating modules/core/Makefile
config.status:1165: creating modules/extra/Makefile
config.status:1165: creating doc/Makefile
config.status:1165: creating help/Makefile
config.status:1165: creating tools/Makefile
config.status:1165: creating config.h
config.status:1394: executing depfiles commands
config.status:1471: cd src       && sed -e '/# am--include-marker/d' Makefile         | make -f - am--depfiles
make: Nothing to be done for 'am--depfiles'.
config.status:1476: $? = 0
config.status:1471: cd libltdl       && sed -e '/# am--include-marker/d' Makefile         | make -f - am--depfiles
make: Nothing to be done for 'am--depfiles'.
config.status:1476: $? = 0
config.status:1471: cd modules       && sed -e '/# am--include-marker/d' Makefile         | make -f - am--depfiles
make: Nothing to be done for 'am--depfiles'.
config.status:1476: $? = 0
config.status:1471: cd modules/core       && sed -e '/# am--include-marker/d' Makefile         | make -f - am--depfiles
make: Nothing to be done for 'am--depfiles'.
config.status:1476: $? = 0
config.status:1471: cd modules/extra       && sed -e '/# am--include-marker/d' Makefile         | make -f - am--depfiles
make: Nothing to be done for 'am--depfiles'.
config.status:1476: $? = 0
config.status:1471: cd tools       && sed -e '/# am--include-marker/d' Makefile         | make -f - am--depfiles
make: Nothing to be done for 'am--depfiles'.
config.status:1476: $? = 0
config.status:1394: executing libtool commands

## ---------------- ##
## Cache variables. ##
## ---------------- ##

ac_cv_build=x86_64-pc-linux-gnu
ac_cv_c_bigendian=no
ac_cv_c_compiler_gnu=yes
ac_cv_env_CC_set=
ac_cv_env_CC_value=
ac_cv_env_CFLAGS_set=
ac_cv_env_CFLAGS_value=
ac_cv_env_CPPFLAGS_set=
ac_cv_env_CPPFLAGS_value=
ac_cv_env_CPP_set=
ac_cv_env_CPP_value=
ac_cv_env_LDFLAGS_set=
ac_cv_env_LDFLAGS_value=
ac_cv_env_LIBS_set=
ac_cv_env_LIBS_value=
ac_cv_env_LT_SYS_LIBRARY_PATH_set=
ac_cv_env_LT_SYS_LIBRARY_PATH_value=
ac_cv_env_YACC_set=
ac_cv_env_YACC_value=
ac_cv_env_YFLAGS_set=
ac_cv_env_YFLAGS_value=
ac_cv_env_build_alias_set=
ac_cv_env_build_alias_value=
ac_cv_env_host_alias_set=
ac_cv_env_host_alias_value=
ac_cv_env_target_alias_set=
ac_cv_env_target_alias_value=
ac_cv_func_argz_add=yes
ac_cv_func_argz_append=yes
ac_cv_func_argz_count=yes
ac_cv_func_argz_create_sep=yes
ac_cv_func_argz_insert=yes
ac_cv_func_argz_next=yes
ac_cv_func_argz_stringify=yes
ac_cv_func_closedir=yes
ac_cv_func_dlerror=yes
ac_cv_func_dlopen=no
ac_cv_func_getaddrinfo=yes
ac_cv_func_getnameinfo=yes
ac_cv_func_opendir=yes
ac_cv_func_readdir=yes
ac_cv_func_shl_load=no
ac_cv_func_strlcat=no
ac_cv_func_strlcpy=no
ac_cv_func_strtok_r=yes
ac_cv_header_argz_h=yes
ac_cv_header_crypt_h=yes
ac_cv_header_dirent_h=yes
ac_cv_header_dl_h=no
ac_cv_header_dld_h=no
ac_cv_header_dlfcn_h=yes
ac_cv_header_inttypes_h=yes
ac_cv_header_ltdl_h=no
ac_cv_header_mach_o_dyld_h=no
ac_cv_header_memory_h=yes
ac_cv_header_openssl_opensslv_h=yes
ac_cv_header_socket_h=no
ac_cv_header_stdc=yes
ac_cv_header_stdint_h=yes
ac_cv_header_stdlib_h=yes
ac_cv_header_string_h=yes
ac_cv_header_strings_h=yes
ac_cv_header_sys_dl_h=no
ac_cv_header_sys_param_h=yes
ac_cv_header_sys_stat_h=yes
ac_cv_header_sys_types_h=yes
ac_cv_header_sys_wait_h=yes
ac_cv_header_types_h=no
ac_cv_header_unistd_h=yes
ac_cv_host=x86_64-pc-linux-gnu
ac_cv_lib_crypto_RSA_free=yes
ac_cv_lib_dl_dlopen=yes
ac_cv_lib_dld_dld_link=no
ac_cv_lib_dld_shl_load=no
ac_cv_lib_ssl_SSL_connect=yes
ac_cv_objext=o
ac_cv_path_EGREP='/usr/bin/grep -E'
ac_cv_path_FGREP='/usr/bin/grep -F'
ac_cv_path_GREP=/usr/bin/grep
ac_cv_path_SED=/usr/bin/sed
ac_cv_path_install='/usr/bin/install -c'
ac_cv_path_lt_DD=/usr/bin/dd
ac_cv_path_mkdir=/usr/bin/mkdir
ac_cv_prog_AWK=gawk
ac_cv_prog_CPP='gcc -E'
ac_cv_prog_ac_ct_AR=ar
ac_cv_prog_ac_ct_CC=gcc
ac_cv_prog_ac_ct_MANIFEST_TOOL=mt
ac_cv_prog_ac_ct_OBJDUMP=objdump
ac_cv_prog_ac_ct_RANLIB=ranlib
ac_cv_prog_ac_ct_STRIP=strip
ac_cv_prog_cc_c89=
ac_cv_prog_cc_c99=
ac_cv_prog_cc_g=yes
ac_cv_prog_make_make_set=yes
ac_cv_search_crypt=-lcrypt
ac_cv_search_dlopen=-ldl
ac_cv_search_socket='none required'
ac_cv_type_error_t=yes
am_cv_CC_dependencies_compiler_type=gcc3
am_cv_make_support_nested_variables=yes
am_cv_prog_cc_c_o=yes
ax_cv_check_cflags___Wno_format_truncation=yes
libltdl_cv_lib_dl_dlopen=yes
libltdl_cv_preloaded_symbols=yes
libltdl_cv_shlibext=.so
libltdl_cv_shrext=.so
lt_cv_ar_at_file=@
lt_cv_archive_cmds_need_lc=no
lt_cv_deplibs_check_method=pass_all
lt_cv_dlopen=dlopen
lt_cv_dlopen_libs=-ldl
lt_cv_dlopen_self=yes
lt_cv_dlopen_self_static=no
lt_cv_file_magic_cmd='$MAGIC_CMD'
lt_cv_file_magic_test_file=
lt_cv_ld_reload_flag=-r
lt_cv_module_path_var=LD_LIBRARY_PATH
lt_cv_nm_interface='BSD nm'
lt_cv_objdir=.libs
lt_cv_path_LD=/usr/bin/ld
lt_cv_path_NM='/usr/bin/nm -B'
lt_cv_path_mainfest_tool=no
lt_cv_prog_compiler_c_o=yes
lt_cv_prog_compiler_pic='-fPIC -DPIC'
lt_cv_prog_compiler_pic_works=yes
lt_cv_prog_compiler_rtti_exceptions=no
lt_cv_prog_compiler_static_works=yes
lt_cv_prog_gnu_ld=yes
lt_cv_sharedlib_from_linklib_cmd='printf %s\n'
lt_cv_shlibpath_overrides_runpath=yes
lt_cv_sys_argz_works=yes
lt_cv_sys_dlopen_deplibs=yes
lt_cv_sys_dlsearch_path='/lib /usr/lib /usr/lib/x86_64-linux-gnu/libfakeroot /usr/local/lib /usr/local/lib/x86_64-linux-gnu /lib/x86_64-linux-gnu /usr/lib/x86_64-linux-gnu '
lt_cv_sys_global_symbol_pipe='sed -n -e '\''s/^.*[	 ]\([ABCDGIRSTW][ABCDGIRSTW]*\)[	 ][	 ]*\([_A-Za-z][_A-Za-z0-9]*\)$/\1 \2 \2/p'\'' | sed '\''/ __gnu_lto/d'\'''
lt_cv_sys_global_symbol_to_c_name_address='sed -n -e '\''s/^: \(.*\) .*$/  {"\1", (void *) 0},/p'\'' -e '\''s/^[ABCDGIRSTW][ABCDGIRSTW]* .* \(.*\)$/  {"\1", (void *) \&\1},/p'\'''
lt_cv_sys_global_symbol_to_c_name_address_lib_prefix='sed -n -e '\''s/^: \(.*\) .*$/  {"\1", (void *) 0},/p'\'' -e '\''s/^[ABCDGIRSTW][ABCDGIRSTW]* .* \(lib.*\)$/  {"\1", (void *) \&\1},/p'\'' -e '\''s/^[ABCDGIRSTW][ABCDGIRSTW]* .* \(.*\)$/  {"lib\1", (void *) \&\1},/p'\'''
lt_cv_sys_global_symbol_to_cdecl='sed -n -e '\''s/^T .* \(.*\)$/extern int \1();/p'\'' -e '\''s/^[ABCDGIRSTW][ABCDGIRSTW]* .* \(.*\)$/extern char \1;/p'\'''
lt_cv_sys_global_symbol_to_import=
lt_cv_sys_max_cmd_len=1572864
lt_cv_sys_symbol_underscore=no
lt_cv_to_host_file_cmd=func_convert_file_noop
lt_cv_to_tool_file_cmd=func_convert_file_noop
lt_cv_truncate_bin='/usr/bin/dd bs=4096 count=1'
ssp_cv_cc=yes
ssp_cv_lib=no

## ----------------- ##
## Output variables. ##
## ----------------- ##

ACLOCAL='${SHELL} /home/ircd/ircd-hybrid/missing aclocal-1.16'
AMDEPBACKSLASH='\'
AMDEP_FALSE='#'
AMDEP_TRUE=''
AMTAR='$${TAR-tar}'
AM_BACKSLASH='\'
AM_DEFAULT_V='$(AM_DEFAULT_VERBOSITY)'
AM_DEFAULT_VERBOSITY='1'
AM_V='$(V)'
AR='ar'
AUTOCONF='${SHELL} /home/ircd/ircd-hybrid/missing autoconf'
AUTOHEADER='${SHELL} /home/ircd/ircd-hybrid/missing autoheader'
AUTOMAKE='${SHELL} /home/ircd/ircd-hybrid/missing automake-1.16'
AWK='gawk'
CC='gcc'
CCDEPMODE='depmode=gcc3'
CFLAGS='-g -O2 -fstack-protector-strong -Wno-format-truncation'
CONVENIENCE_LTDL_FALSE='#'
CONVENIENCE_LTDL_TRUE=''
CPP='gcc -E'
CPPFLAGS=''
CYGPATH_W='echo'
DATADIR='/home/ircd/ircd/share'
DEFS='-DHAVE_CONFIG_H'
DEPDIR='.deps'
DLLTOOL='false'
DSYMUTIL=''
DUMPBIN=''
ECHO_C=''
ECHO_N='-n'
ECHO_T=''
EGREP='/usr/bin/grep -E'
EXEEXT=''
FGREP='/usr/bin/grep -F'
GREP='/usr/bin/grep'
INCLTDL='-I$(top_srcdir)/libltdl'
INSTALL_DATA='${INSTALL} -m 644'
INSTALL_LTDL_FALSE=''
INSTALL_LTDL_TRUE='#'
INSTALL_PROGRAM='${INSTALL}'
INSTALL_SCRIPT='${INSTALL}'
INSTALL_STRIP_PROGRAM='$(install_sh) -c -s'
LD='/usr/bin/ld -m elf_x86_64'
LDFLAGS=''
LEX='${SHELL} /home/ircd/ircd-hybrid/missing flex'
LEXLIB=''
LEX_OUTPUT_ROOT=''
LIBADD_DL='-ldl '
LIBADD_DLD_LINK=''
LIBADD_DLOPEN='-ldl'
LIBADD_SHL_LOAD=''
LIBDIR='/home/ircd/ircd/lib'
LIBLTDL='$(top_build_prefix)libltdl/libltdlc.la'
LIBOBJS=''
LIBS='-lssl -lcrypto -lcrypt '
LIBTOOL='$(SHELL) $(top_builddir)/libtool --silent'
LIPO=''
LN_S='ln -s'
LOCALSTATEDIR='/home/ircd/ircd/var'
LTDLDEPS='$(top_build_prefix)libltdl/libltdlc.la'
LTDLINCL='-I$(top_srcdir)/libltdl'
LTDLOPEN='libltdl'
LTLIBOBJS=''
LT_ARGZ_H=''
LT_CONFIG_H='config.h'
LT_DLLOADERS=' dlopen.la'
LT_DLPREOPEN='-dlpreopen dlopen.la '
LT_SYS_LIBRARY_PATH=''
MAINT='#'
MAINTAINER_MODE_FALSE=''
MAINTAINER_MODE_TRUE='#'
MAKEINFO='${SHELL} /home/ircd/ircd-hybrid/missing makeinfo'
MANIFEST_TOOL=':'
MKDIR_P='/usr/bin/mkdir -p'
NM='/usr/bin/nm -B'
NMEDIT=''
OBJDUMP='objdump'
OBJEXT='o'
OTOOL64=''
OTOOL=''
PACKAGE='ircd-hybrid'
PACKAGE_BUGREPORT='bugs@ircd-hybrid.org'
PACKAGE_NAME='ircd-hybrid'
PACKAGE_STRING='ircd-hybrid TRUNK'
PACKAGE_TARNAME='ircd-hybrid'
PACKAGE_URL=''
PACKAGE_VERSION='TRUNK'
PATH_SEPARATOR=':'
PREFIX='/home/ircd/ircd'
RANLIB='ranlib'
SED='/usr/bin/sed'
SET_MAKE=''
SHELL='/bin/bash'
STRIP='strip'
SYSCONFDIR='/home/ircd/ircd/etc'
VERSION='TRUNK'
YACC='yacc'
YFLAGS=''
ac_ct_AR='ar'
ac_ct_CC='gcc'
ac_ct_DUMPBIN=''
am__EXEEXT_FALSE=''
am__EXEEXT_TRUE='#'
am__fastdepCC_FALSE='#'
am__fastdepCC_TRUE=''
am__include='include'
am__isrc=''
am__leading_dot='.'
am__nodep='_no'
am__quote=''
am__tar='$${TAR-tar} chof - "$$tardir"'
am__untar='$${TAR-tar} xf -'
bindir='${exec_prefix}/bin'
build='x86_64-pc-linux-gnu'
build_alias=''
build_cpu='x86_64'
build_os='linux-gnu'
build_vendor='pc'
datadir='${datarootdir}'
datarootdir='${prefix}/share'
docdir='${datarootdir}/doc/${PACKAGE_TARNAME}'
dvidir='${docdir}'
exec_prefix='${prefix}'
host='x86_64-pc-linux-gnu'
host_alias=''
host_cpu='x86_64'
host_os='linux-gnu'
host_vendor='pc'
htmldir='${docdir}'
includedir='${prefix}/include'
infodir='${datarootdir}/info'
install_sh='${SHELL} /home/ircd/ircd-hybrid/install-sh'
libdir='${exec_prefix}/lib'
libexecdir='${exec_prefix}/libexec'
localedir='${datarootdir}/locale'
localstatedir='${prefix}/var'
ltdl_LIBOBJS=' lt__strl.o'
ltdl_LTLIBOBJS=' lt__strl.lo'
mandir='${datarootdir}/man'
mkdir_p='$(MKDIR_P)'
oldincludedir='/usr/include'
pdfdir='${docdir}'
prefix='/home/ircd/ircd'
program_transform_name='s,x,x,'
psdir='${docdir}'
runstatedir='${localstatedir}/run'
sbindir='${exec_prefix}/sbin'
sharedstatedir='${prefix}/com'
sys_symbol_underscore='no'
sysconfdir='${prefix}/etc'
target_alias=''

## ----------- ##
## confdefs.h. ##
## ----------- ##

/* confdefs.h */
#define PACKAGE_NAME "ircd-hybrid"
#define PACKAGE_TARNAME "ircd-hybrid"
#define PACKAGE_VERSION "TRUNK"
#define PACKAGE_STRING "ircd-hybrid TRUNK"
#define PACKAGE_BUGREPORT "bugs@ircd-hybrid.org"
#define PACKAGE_URL ""
#define PACKAGE "ircd-hybrid"
#define VERSION "TRUNK"
#define STDC_HEADERS 1
#define HAVE_SYS_TYPES_H 1
#define HAVE_SYS_STAT_H 1
#define HAVE_STDLIB_H 1
#define HAVE_STRING_H 1
#define HAVE_MEMORY_H 1
#define HAVE_STRINGS_H 1
#define HAVE_INTTYPES_H 1
#define HAVE_STDINT_H 1
#define HAVE_UNISTD_H 1
#define HAVE_DLFCN_H 1
#define LT_OBJDIR ".libs/"
#define LT_MODULE_EXT ".so"
#define LT_MODULE_PATH_VAR "LD_LIBRARY_PATH"
#define LT_DLSEARCH_PATH "/lib:/usr/lib:/usr/lib/x86_64-linux-gnu/libfakeroot:/usr/local/lib:/usr/local/lib/x86_64-linux-gnu:/lib/x86_64-linux-gnu:/usr/lib/x86_64-linux-gnu"
#define HAVE_LIBDL 1
#define HAVE_DLERROR 1
#define HAVE_LIBDLLOADER 1
#define HAVE_ARGZ_H 1
#define HAVE_ERROR_T 1
#define HAVE_ARGZ_ADD 1
#define HAVE_ARGZ_APPEND 1
#define HAVE_ARGZ_COUNT 1
#define HAVE_ARGZ_CREATE_SEP 1
#define HAVE_ARGZ_INSERT 1
#define HAVE_ARGZ_NEXT 1
#define HAVE_ARGZ_STRINGIFY 1
#define HAVE_WORKING_ARGZ 1
#define HAVE_PRELOADED_SYMBOLS 1
#define HAVE_UNISTD_H 1
#define HAVE_DIRENT_H 1
#define HAVE_CLOSEDIR 1
#define HAVE_OPENDIR 1
#define HAVE_READDIR 1
#define LT_LIBEXT "a"
#define LT_LIBPREFIX "lib"
#define ENABLE_SSP_CC 1
#define HAVE_STRTOK_R 1
#define HAVE_CRYPT_H 1
#define HAVE_SYS_PARAM_H 1
#define HAVE_SYS_WAIT_H 1
#define __IOPOLL_MECHANISM_NONE 0
#define __IOPOLL_MECHANISM_KQUEUE 1
#define __IOPOLL_MECHANISM_EPOLL 2
#define __IOPOLL_MECHANISM_DEVPOLL 3
#define __IOPOLL_MECHANISM_POLL 4
#define USE_IOPOLL_MECHANISM 2
#define NDEBUG 1
#define HAVE_LIBCRYPTO 1
#define HAVE_LIBSSL 1
#define PREFIX "/home/ircd/ircd"
#define SYSCONFDIR "/home/ircd/ircd/etc"
#define LIBDIR "/home/ircd/ircd/lib"
#define DATADIR "/home/ircd/ircd/share"
#define LOCALSTATEDIR "/home/ircd/ircd/var"

configure: exit 0
